#
# There is insufficient memory for the Java Runtime Environment to continue.
# Native memory allocation (malloc) failed to allocate 892976 bytes for Chunk::new
# Possible reasons:
#   The system is out of physical RAM or swap space
#   In 32 bit mode, the process size limit was hit
# Possible solutions:
#   Reduce memory load on the system
#   Increase physical memory or swap space
#   Check if swap backing store is full
#   Use 64 bit Java on a 64 bit OS
#   Decrease Java heap size (-Xmx/-Xms)
#   Decrease number of Java threads
#   Decrease Java thread stack sizes (-Xss)
#   Set larger code cache with -XX:ReservedCodeCacheSize=
# This output file may be truncated or incomplete.
#
#  Out of Memory Error (allocation.cpp:390), pid=10052, tid=8828
#
# JRE version: Java(TM) SE Runtime Environment (8.0_66-b18) (build 1.8.0_66-b18)
# Java VM: Java HotSpot(TM) 64-Bit Server VM (25.66-b18 mixed mode windows-amd64 compressed oops)
# Failed to write core dump. Minidumps are not enabled by default on client versions of Windows
#

---------------  T H R E A D  ---------------

Current thread (0x0000000015789800):  JavaThread "C2 CompilerThread0" daemon [_thread_in_native, id=8828, stack(0x0000000016dd0000,0x0000000016ed0000)]

Stack: [0x0000000016dd0000,0x0000000016ed0000]
[error occurred during error reporting (printing stack bounds), id 0xc0000005]

Native frames: (J=compiled Java code, j=interpreted, Vv=VM code, C=native code)


Current CompileTask:
C2:   1190 1094   !   4       com.android.dx.cf.code.BytecodeArray::parseInstruction (2764 bytes)


---------------  P R O C E S S  ---------------

Java Threads: ( => current thread )
  0x00000000173a6000 JavaThread "pool-2-thread-4" [_thread_blocked, id=11904, stack(0x0000000017ad0000,0x0000000017bd0000)]
  0x00000000173ac800 JavaThread "pool-2-thread-3" [_thread_blocked, id=6616, stack(0x00000000179d0000,0x0000000017ad0000)]
  0x000000001730f800 JavaThread "pool-2-thread-2" [_thread_blocked, id=12520, stack(0x00000000178d0000,0x00000000179d0000)]
  0x000000001730e800 JavaThread "pool-3-thread-1" [_thread_blocked, id=6244, stack(0x00000000177d0000,0x00000000178d0000)]
  0x0000000017206800 JavaThread "pool-2-thread-1" [_thread_in_Java, id=2684, stack(0x00000000176d0000,0x00000000177d0000)]
  0x00000000157de000 JavaThread "Service Thread" daemon [_thread_blocked, id=1484, stack(0x00000000174d0000,0x00000000175d0000)]
  0x0000000015784800 JavaThread "C1 CompilerThread2" daemon [_thread_in_vm, id=10028, stack(0x0000000016fd0000,0x00000000170d0000)]
  0x000000001577c000 JavaThread "C2 CompilerThread1" daemon [_thread_in_native, id=9988, stack(0x0000000016ed0000,0x0000000016fd0000)]
=>0x0000000015789800 JavaThread "C2 CompilerThread0" daemon [_thread_in_native, id=8828, stack(0x0000000016dd0000,0x0000000016ed0000)]
  0x0000000015787800 JavaThread "Attach Listener" daemon [_thread_blocked, id=11500, stack(0x0000000016cd0000,0x0000000016dd0000)]
  0x0000000015786800 JavaThread "Signal Dispatcher" daemon [_thread_blocked, id=1112, stack(0x0000000016bd0000,0x0000000016cd0000)]
  0x00000000030a1000 JavaThread "Finalizer" daemon [_thread_blocked, id=10016, stack(0x00000000169e0000,0x0000000016ae0000)]
  0x000000000309e000 JavaThread "Reference Handler" daemon [_thread_blocked, id=7540, stack(0x00000000168e0000,0x00000000169e0000)]
  0x0000000002f4d800 JavaThread "main" [_thread_blocked, id=7584, stack(0x0000000001580000,0x0000000001680000)]

Other Threads:
  0x0000000015747800 VMThread [stack: 0x00000000167e0000,0x00000000168e0000] [id=9548]
  0x00000000170fc800 WatcherThread [stack: 0x00000000175d0000,0x00000000176d0000] [id=9588]

VM state:not at safepoint (normal execution)

VM Mutex/Monitor currently owned by a thread: None

Heap:
 PSYoungGen      total 37888K, used 12024K [0x00000000eab00000, 0x00000000ef500000, 0x0000000100000000)
  eden space 32768K, 21% used [0x00000000eab00000,0x00000000eb1c1e90,0x00000000ecb00000)
  from space 5120K, 99% used [0x00000000ecb00000,0x00000000ecffc2d8,0x00000000ed000000)
  to   space 5120K, 0% used [0x00000000ef000000,0x00000000ef000000,0x00000000ef500000)
 ParOldGen       total 86016K, used 1298K [0x00000000c0000000, 0x00000000c5400000, 0x00000000eab00000)
  object space 86016K, 1% used [0x00000000c0000000,0x00000000c01448e8,0x00000000c5400000)
 Metaspace       used 5816K, capacity 6960K, committed 7040K, reserved 1056768K
  class space    used 581K, capacity 616K, committed 640K, reserved 1048576K

Card table byte_map: [0x0000000012470000,0x0000000012680000] byte_map_base: 0x0000000011e70000

Marking Bits: (ParMarkBitMap*) 0x0000000072f8a5b0
 Begin Bits: [0x0000000012be0000, 0x0000000013be0000)
 End Bits:   [0x0000000013be0000, 0x0000000014be0000)

Polling page: 0x0000000001680000

CodeCache: size=245760Kb used=5217Kb max_used=5217Kb free=240542Kb
 bounds [0x00000000030b0000, 0x00000000035d0000, 0x00000000120b0000]
 total_blobs=1545 nmethods=1282 adapters=176
 compilation: enabled

Compilation events (10 events):
Event: 1.185 Thread 0x0000000015784800 nmethod 1285 0x00000000035c6950 code [0x00000000035c6b00, 0x00000000035c7068]
Event: 1.185 Thread 0x0000000015784800 1288       3       com.android.dx.rop.cst.CstNat::getFieldType (11 bytes)
Event: 1.185 Thread 0x0000000015784800 nmethod 1288 0x00000000035c7310 code [0x00000000035c7480, 0x00000000035c76a8]
Event: 1.185 Thread 0x0000000015784800 1286       3       com.android.dx.cf.code.Ropper$CatchInfo::getSetup (53 bytes)
Event: 1.185 Thread 0x0000000015784800 nmethod 1286 0x00000000035c7750 code [0x00000000035c7920, 0x00000000035c8008]
Event: 1.185 Thread 0x0000000015784800 1287       3       com.android.dx.rop.cst.CstFieldRef::getType (8 bytes)
Event: 1.186 Thread 0x0000000015784800 nmethod 1287 0x00000000035c8350 code [0x00000000035c84c0, 0x00000000035c8868]
Event: 1.186 Thread 0x0000000015784800 1289       3       com.android.dx.rop.code.BasicBlockList$RegCountVisitor::visitThrowingInsn (6 bytes)
Event: 1.186 Thread 0x0000000015784800 nmethod 1289 0x00000000035c8990 code [0x00000000035c8b00, 0x00000000035c8c88]
Event: 1.187 Thread 0x0000000015784800 1290       3       com.android.dx.rop.annotation.Annotations::add (75 bytes)

GC Heap History (2 events):
Event: 1.108 GC heap before
{Heap before GC invocations=1 (full 0):
 PSYoungGen      total 37888K, used 32768K [0x00000000eab00000, 0x00000000ed500000, 0x0000000100000000)
  eden space 32768K, 100% used [0x00000000eab00000,0x00000000ecb00000,0x00000000ecb00000)
  from space 5120K, 0% used [0x00000000ed000000,0x00000000ed000000,0x00000000ed500000)
  to   space 5120K, 0% used [0x00000000ecb00000,0x00000000ecb00000,0x00000000ed000000)
 ParOldGen       total 86016K, used 0K [0x00000000c0000000, 0x00000000c5400000, 0x00000000eab00000)
  object space 86016K, 0% used [0x00000000c0000000,0x00000000c0000000,0x00000000c5400000)
 Metaspace       used 5798K, capacity 6960K, committed 7040K, reserved 1056768K
  class space    used 581K, capacity 616K, committed 640K, reserved 1048576K
Event: 1.141 GC heap after
Heap after GC invocations=1 (full 0):
 PSYoungGen      total 37888K, used 5104K [0x00000000eab00000, 0x00000000ef500000, 0x0000000100000000)
  eden space 32768K, 0% used [0x00000000eab00000,0x00000000eab00000,0x00000000ecb00000)
  from space 5120K, 99% used [0x00000000ecb00000,0x00000000ecffc2d8,0x00000000ed000000)
  to   space 5120K, 0% used [0x00000000ef000000,0x00000000ef000000,0x00000000ef500000)
 ParOldGen       total 86016K, used 1298K [0x00000000c0000000, 0x00000000c5400000, 0x00000000eab00000)
  object space 86016K, 1% used [0x00000000c0000000,0x00000000c01448e8,0x00000000c5400000)
 Metaspace       used 5798K, capacity 6960K, committed 7040K, reserved 1056768K
  class space    used 581K, capacity 616K, committed 640K, reserved 1048576K
}

Deoptimization events (7 events):
Event: 0.595 Thread 0x00000000173ac800 Uncommon trap: reason=unstable_if action=reinterpret pc=0x00000000032a03ec method=java.util.HashMap.getNode(ILjava/lang/Object;)Ljava/util/HashMap$Node; @ 129
Event: 0.640 Thread 0x0000000017206800 Uncommon trap: reason=unstable_if action=reinterpret pc=0x00000000032ae330 method=java.util.BitSet.nextSetBit(I)I @ 87
Event: 0.664 Thread 0x0000000017206800 Uncommon trap: reason=bimorphic action=maybe_recompile pc=0x00000000032be970 method=java.util.HashMap.getNode(ILjava/lang/Object;)Ljava/util/HashMap$Node; @ 126
Event: 0.665 Thread 0x0000000017206800 Uncommon trap: reason=unstable_if action=reinterpret pc=0x00000000032be934 method=java.util.HashMap.getNode(ILjava/lang/Object;)Ljava/util/HashMap$Node; @ 62
Event: 0.890 Thread 0x00000000173a6000 Uncommon trap: reason=null_check action=make_not_entrant pc=0x00000000033961f4 method=com.android.dx.ssa.SsaRenamer.getLocalForNewReg(I)Lcom/android/dx/rop/code/LocalItem; @ 19
Event: 0.891 Thread 0x00000000173a6000 Uncommon trap: reason=unstable_if action=reinterpret pc=0x00000000032f1474 method=java.util.BitSet.ensureCapacity(I)V @ 6
Event: 1.185 Thread 0x0000000017206800 Uncommon trap: reason=null_check action=make_not_entrant pc=0x000000000354fee0 method=com.android.dx.rop.type.Type.equals(Ljava/lang/Object;)Z @ 8

Internal exceptions (4 events):
Event: 0.070 Thread 0x0000000002f4d800 Exception <a 'java/lang/NoSuchMethodError': Method sun.misc.Unsafe.defineClass(Ljava/lang/String;[BII)Ljava/lang/Class; name or signature does not match> (0x00000000eab13080) thrown at [C:\re\workspace\8-2-build-windows-amd64-cygwin\jdk8u66\5298\hotspot\sráÎæŠ¨²?
Event: 0.070 Thread 0x0000000002f4d800 Exception <a 'java/lang/NoSuchMethodError': Method sun.misc.Unsafe.prefetchRead(Ljava/lang/Object;J)V name or signature does not match> (0x00000000eab13368) thrown at [C:\re\workspace\8-2-build-windows-amd64-cygwin\jdk8u66\5298\hotspot\src\share\vm\prims\j†p.¸1}ì?
Event: 0.890 Thread 0x00000000173a6000 Implicit null exception at 0x0000000003393ee2 to 0x00000000033961b1
Event: 1.185 Thread 0x0000000017206800 Implicit null exception at 0x000000000354fde2 to 0x000000000354fed2

Events (10 events):
Event: 0.891 Thread 0x00000000173a6000 DEOPT UNPACKING pc=0x00000000030f582a sp=0x0000000017bce7f8 mode 2
Event: 0.899 loading class com/android/dx/cf/attrib/AttEnclosingMethod
Event: 0.899 loading class com/android/dx/cf/attrib/AttEnclosingMethod done
Event: 0.977 loading class com/android/dx/cf/code/BytecodeArray$ConstantParserVisitor
Event: 0.977 loading class com/android/dx/cf/code/BytecodeArray$ConstantParserVisitor done
Event: 1.105 Executing VM operation: ParallelGCFailedAllocation
Event: 1.141 Executing VM operation: ParallelGCFailedAllocation done
Event: 1.185 Thread 0x0000000017206800 Uncommon trap: trap_request=0xfffffff4 fr.pc=0x000000000354fee0
Event: 1.185 Thread 0x0000000017206800 DEOPT PACKING pc=0x000000000354fee0 sp=0x00000000177ce300
Event: 1.185 Thread 0x0000000017206800 DEOPT UNPACKING pc=0x00000000030f582a sp=0x00000000177ce288 mode 2


Dynamic libraries:
0x00007ff7701d0000 - 0x00007ff770207000 	C:\Program Files\Java\jdk1.8.0_66\bin\java.exe
0x00007ffd55520000 - 0x00007ffd556f1000 	C:\WINDOWS\SYSTEM32\ntdll.dll
0x00007ffd552d0000 - 0x00007ffd5537b000 	C:\WINDOWS\System32\KERNEL32.DLL
0x00007ffd51db0000 - 0x00007ffd51fcd000 	C:\WINDOWS\System32\KERNELBASE.dll
0x00007ffd53210000 - 0x00007ffd532b2000 	C:\WINDOWS\System32\ADVAPI32.dll
0x00007ffd52f60000 - 0x00007ffd52ffe000 	C:\WINDOWS\System32\msvcrt.dll
0x00007ffd553f0000 - 0x00007ffd55449000 	C:\WINDOWS\System32\sechost.dll
0x00007ffd551a0000 - 0x00007ffd552c1000 	C:\WINDOWS\System32\RPCRT4.dll
0x00007ffd532c0000 - 0x00007ffd53425000 	C:\WINDOWS\System32\USER32.dll
0x00007ffd51be0000 - 0x00007ffd51bfe000 	C:\WINDOWS\System32\win32u.dll
0x00007ffd52ab0000 - 0x00007ffd52ae4000 	C:\WINDOWS\System32\GDI32.dll
0x00007ffd52850000 - 0x00007ffd529d2000 	C:\WINDOWS\System32\gdi32full.dll
0x00007ffd49490000 - 0x00007ffd49709000 	C:\WINDOWS\WinSxS\amd64_microsoft.windows.common-controls_6595b64144ccf1df_6.0.14393.0_none_2d0f50fcbdb171b8\COMCTL32.dll
0x00007ffd52c90000 - 0x00007ffd52f57000 	C:\WINDOWS\System32\combase.dll
0x00007ffd51fd0000 - 0x00007ffd520c5000 	C:\WINDOWS\System32\ucrtbase.dll
0x00007ffd52a40000 - 0x00007ffd52aaa000 	C:\WINDOWS\System32\bcryptPrimitives.dll
0x00007ffd53530000 - 0x00007ffd5355e000 	C:\WINDOWS\System32\IMM32.DLL
0x0000000073010000 - 0x00000000730e2000 	C:\Program Files\Java\jdk1.8.0_66\jre\bin\msvcr100.dll
0x0000000072780000 - 0x0000000073009000 	C:\Program Files\Java\jdk1.8.0_66\jre\bin\server\jvm.dll
0x00007ffd53760000 - 0x00007ffd53768000 	C:\WINDOWS\System32\PSAPI.DLL
0x00007ffd3a590000 - 0x00007ffd3a599000 	C:\WINDOWS\SYSTEM32\WSOCK32.dll
0x00007ffd53060000 - 0x00007ffd530ca000 	C:\WINDOWS\System32\WS2_32.dll
0x00007ffd4fae0000 - 0x00007ffd4fb03000 	C:\WINDOWS\SYSTEM32\WINMM.dll
0x00007ffd4a190000 - 0x00007ffd4a19a000 	C:\WINDOWS\SYSTEM32\VERSION.dll
0x00007ffd4fa80000 - 0x00007ffd4faab000 	C:\WINDOWS\SYSTEM32\WINMMBASE.dll
0x00007ffd51c00000 - 0x00007ffd51c42000 	C:\WINDOWS\System32\cfgmgr32.dll
0x0000000074330000 - 0x000000007433f000 	C:\Program Files\Java\jdk1.8.0_66\jre\bin\verify.dll
0x0000000072750000 - 0x0000000072779000 	C:\Program Files\Java\jdk1.8.0_66\jre\bin\java.dll
0x0000000074250000 - 0x0000000074266000 	C:\Program Files\Java\jdk1.8.0_66\jre\bin\zip.dll
0x00007ffd53860000 - 0x00007ffd54d68000 	C:\WINDOWS\System32\SHELL32.dll
0x00007ffd520d0000 - 0x00007ffd527aa000 	C:\WINDOWS\System32\windows.storage.dll
0x00007ffd519a0000 - 0x00007ffd519ec000 	C:\WINDOWS\System32\powrprof.dll
0x00007ffd53000000 - 0x00007ffd53052000 	C:\WINDOWS\System32\shlwapi.dll
0x00007ffd51a00000 - 0x00007ffd51a0f000 	C:\WINDOWS\System32\kernel.appcore.dll
0x00007ffd51d00000 - 0x00007ffd51da9000 	C:\WINDOWS\System32\shcore.dll
0x00007ffd51980000 - 0x00007ffd51994000 	C:\WINDOWS\System32\profapi.dll

VM Arguments:
jvm_args: -Djava.awt.headless=true -Xmx1024M -Dfile.encoding=windows-1251 -Duser.country=RU -Duser.language=ru -Duser.variant 
java_command: com.android.dx.command.Main --dex --force-jumbo --num-threads=4 --multi-dex --output E:\Education\MAPD\MAPD111\SerhiiAsign1\Serhii\build\intermediates\transforms\dex\debug\folders\1000\10\com.android.support-support-core-utils-24.2.1_3b68ac0232a5a6fd3101c505cb34b539287385e8 E:\Education\MAPD\MAPD111\SerhiiAsign1\Serhii\build\intermediates\exploded-aar\com.android.support\support-core-utils\24.2.1\jars\classes.jar
java_class_path (initial): C:\Users\rider\AppData\Local\Android\sdk\build-tools\23.0.1\lib\dx.jar
Launcher Type: SUN_STANDARD

Environment Variables:
CLASSPATH=C:\mpj\lib\mpj.jar;
PATH=C:\Program Files (x86)\EasyPHP-DevServer-14.1VC11\binaries\php\php_runningversion;C:\ProgramData\Oracle\Java\javapath;C:\Program Files\AuthenTec TrueSuite\;C:\Program Files\Broadcom\Broadcom 802.11 Network Adapter\Driver;C:\Windows\system32;C:\Windows;C:\Windows\System32\Wbem;C:\Windows\System32\WindowsPowerShell\v1.0\;C:\Users\rider\.dnx\bin;C:\Program Files\Microsoft DNX\Dnvm\;C:\Program Files (x86)\Windows Kits\8.1\Windows Performance Toolkit\;C:\Program Files\Common Files\Autodesk Shared\;C:\Program Files (x86)\Skype\Phone\;C:\mpj\bin;C:\Program Files\Java\jdk1.8.0_66\bin;C:\Program Files\nodejs\;D:\Program Files (x86)\Git\cmd;C:\Program Files (x86)\NVIDIA Corporation\PhysX\Common;C:\WINDOWS\system32;C:\WINDOWS;C:\WINDOWS\System32\Wbem;C:\WINDOWS\System32\WindowsPowerShell\v1.0\;D:\Program Files (x86)\tortoise\bin;C:\Users\rider\AppData\Local\Programs\Python\Python35-32\Scripts\;C:\Users\rider\AppData\Local\Programs\Python\Python35-32\;C:\Program Files (x86)\Google\Chrome\Application;C:\ProgramData\Oracle\Java\javapath;C:\Program Files\AuthenTec TrueSuite\;C:\Program Files\Broadcom\Broadcom 802.11 Network Adapter\Driver;C:\Windows\system32;C:\Windows;C:\Windows\System32\Wbem;C:\Windows\System32\WindowsPowerShell\v1.0\;C:\Program Files (x86)\NVIDIA Corporation\PhysX\Common;C:\Users\rider\.dnx\bin;C:\Program Files\Microsoft DNX\Dnvm\;C:\Program Files (x86)\Windows Kits\8.1\Windows Performance Toolkit\; C:\mpj\bin; C:\Program Files\Java\jdk1.8.0_66\bin;C:\Users\rider\AppData\Roaming\npm;D:\Program Files (x86)\Microsoft VS Code\bin;C:\Users\rider\AppData\Local\Microsoft\WindowsApps;
USERNAME=rider
OS=Windows_NT
PROCESSOR_IDENTIFIER=Intel64 Family 6 Model 58 Stepping 9, GenuineIntel



---------------  S Y S T E M  ---------------

OS: Windows 10.0 , 64 bit Build 14393 (10.0.14393.0)

CPU:total 4 (2 cores per cpu, 2 threads per core) family 6 model 58 stepping 9, cmov, cx8, fxsr, mmx, sse, sse2, sse3, ssse3, sse4.1, sse4.2, popcnt, avx, clmul, erms, ht, tsc, tscinvbit, tscinv

Memory: 4k page, physical 8222948k(1143672k free), swap 11446620k(7412k free)

vm_info: Java HotSpot(TM) 64-Bit Server VM (25.66-b18) for windows-amd64 JRE (1.8.0_66-b18), built on Nov  9 2015 10:51:13 by "java_re" with MS VC++ 10.0 (VS2010)

time: Thu Oct 13 20:48:28 2016
elapsed time: 1 seconds (0d 0h 0m 1s)

