#
# There is insufficient memory for the Java Runtime Environment to continue.
# Native memory allocation (malloc) failed to allocate 2021776 bytes for Chunk::new
# Possible reasons:
#   The system is out of physical RAM or swap space
#   In 32 bit mode, the process size limit was hit
# Possible solutions:
#   Reduce memory load on the system
#   Increase physical memory or swap space
#   Check if swap backing store is full
#   Use 64 bit Java on a 64 bit OS
#   Decrease Java heap size (-Xmx/-Xms)
#   Decrease number of Java threads
#   Decrease Java thread stack sizes (-Xss)
#   Set larger code cache with -XX:ReservedCodeCacheSize=
# This output file may be truncated or incomplete.
#
#  Out of Memory Error (allocation.cpp:390), pid=3840, tid=11460
#
# JRE version: Java(TM) SE Runtime Environment (8.0_66-b18) (build 1.8.0_66-b18)
# Java VM: Java HotSpot(TM) 64-Bit Server VM (25.66-b18 mixed mode windows-amd64 compressed oops)
# Failed to write core dump. Minidumps are not enabled by default on client versions of Windows
#

---------------  T H R E A D  ---------------

Current thread (0x0000000015637800):  JavaThread "C2 CompilerThread1" daemon [_thread_in_native, id=11460, stack(0x0000000016d50000,0x0000000016e50000)]

Stack: [0x0000000016d50000,0x0000000016e50000]
[error occurred during error reporting (printing stack bounds), id 0xc0000005]

Native frames: (J=compiled Java code, j=interpreted, Vv=VM code, C=native code)


Current CompileTask:
C2:   4265 1601   !   4       com.android.dx.cf.cst.ConstantPoolParser::parse0 (731 bytes)


---------------  P R O C E S S  ---------------

Java Threads: ( => current thread )
  0x000000001710e800 JavaThread "pool-2-thread-4" [_thread_blocked, id=7612, stack(0x0000000017950000,0x0000000017a50000)]
  0x0000000017108800 JavaThread "pool-2-thread-3" [_thread_blocked, id=7420, stack(0x0000000017850000,0x0000000017950000)]
  0x0000000017104800 JavaThread "pool-2-thread-2" [_thread_blocked, id=12524, stack(0x0000000017750000,0x0000000017850000)]
  0x00000000170fb000 JavaThread "pool-3-thread-1" [_thread_blocked, id=11272, stack(0x0000000017650000,0x0000000017750000)]
  0x00000000170f1000 JavaThread "pool-2-thread-1" [_thread_blocked, id=8832, stack(0x0000000017550000,0x0000000017650000)]
  0x0000000016e55000 JavaThread "Service Thread" daemon [_thread_blocked, id=9044, stack(0x0000000017350000,0x0000000017450000)]
  0x0000000016e51000 JavaThread "C1 CompilerThread2" daemon [_thread_blocked, id=9204, stack(0x0000000017250000,0x0000000017350000)]
=>0x0000000015637800 JavaThread "C2 CompilerThread1" daemon [_thread_in_native, id=11460, stack(0x0000000016d50000,0x0000000016e50000)]
  0x00000000155e9800 JavaThread "C2 CompilerThread0" daemon [_thread_in_native, id=12224, stack(0x0000000016c50000,0x0000000016d50000)]
  0x00000000155e7800 JavaThread "Attach Listener" daemon [_thread_blocked, id=9600, stack(0x0000000016b50000,0x0000000016c50000)]
  0x00000000155e6800 JavaThread "Signal Dispatcher" daemon [_thread_blocked, id=11844, stack(0x0000000016a50000,0x0000000016b50000)]
  0x0000000002f06800 JavaThread "Finalizer" daemon [_thread_blocked, id=1692, stack(0x0000000016860000,0x0000000016960000)]
  0x0000000002efe000 JavaThread "Reference Handler" daemon [_thread_blocked, id=11072, stack(0x0000000016760000,0x0000000016860000)]
  0x00000000016cd800 JavaThread "main" [_thread_in_vm, id=1112, stack(0x0000000002c80000,0x0000000002d80000)]

Other Threads:
  0x00000000155a7800 VMThread [stack: 0x0000000016660000,0x0000000016760000] [id=12544]
  0x0000000016e6b800 WatcherThread [stack: 0x0000000017450000,0x0000000017550000] [id=2572]

VM state:not at safepoint (normal execution)

VM Mutex/Monitor currently owned by a thread: None

Heap:
 PSYoungGen      total 37888K, used 11837K [0x00000000eab00000, 0x00000000ef500000, 0x0000000100000000)
  eden space 32768K, 20% used [0x00000000eab00000,0x00000000eb197220,0x00000000ecb00000)
  from space 5120K, 99% used [0x00000000ecb00000,0x00000000ecff82f8,0x00000000ed000000)
  to   space 5120K, 0% used [0x00000000ef000000,0x00000000ef000000,0x00000000ef500000)
 ParOldGen       total 86016K, used 11217K [0x00000000c0000000, 0x00000000c5400000, 0x00000000eab00000)
  object space 86016K, 13% used [0x00000000c0000000,0x00000000c0af45e8,0x00000000c5400000)
 Metaspace       used 5990K, capacity 7088K, committed 7296K, reserved 1056768K
  class space    used 581K, capacity 616K, committed 640K, reserved 1048576K

Card table byte_map: [0x00000000122d0000,0x00000000124e0000] byte_map_base: 0x0000000011cd0000

Marking Bits: (ParMarkBitMap*) 0x0000000072f8a5b0
 Begin Bits: [0x0000000012a40000, 0x0000000013a40000)
 End Bits:   [0x0000000013a40000, 0x0000000014a40000)

Polling page: 0x00000000010f0000

CodeCache: size=245760Kb used=6780Kb max_used=6780Kb free=238979Kb
 bounds [0x0000000002f10000, 0x00000000035c0000, 0x0000000011f10000]
 total_blobs=1880 nmethods=1616 adapters=176
 compilation: enabled

Compilation events (10 events):
Event: 4.233 Thread 0x0000000016e51000 1652       1       com.android.dx.rop.cst.TypedConstant::getFrameType (2 bytes)
Event: 4.233 Thread 0x0000000016e51000 nmethod 1652 0x000000000358ff90 code [0x00000000035900e0, 0x00000000035901f0]
Event: 4.233 Thread 0x0000000016e51000 1630       2       com.android.dx.ssa.LocalVariableInfo::mutableCopyOfStarts (29 bytes)
Event: 4.234 Thread 0x0000000016e51000 nmethod 1630 0x0000000003581550 code [0x00000000035816e0, 0x0000000003581a78]
Event: 4.234 Thread 0x0000000016e51000 1629       2       com.android.dx.rop.code.RegisterSpecSet::get (9 bytes)
Event: 4.234 Thread 0x0000000016e51000 nmethod 1629 0x0000000003580f90 code [0x0000000003581100, 0x0000000003581348]
Event: 4.234 Thread 0x0000000016e51000 1640   !   3       com.android.dx.rop.code.RegisterSpecSet::remove (30 bytes)
Event: 4.234 Thread 0x0000000016e51000 nmethod 1640 0x0000000003592310 code [0x00000000035924a0, 0x00000000035928e8]
Event: 4.234 Thread 0x0000000016e51000 1632       2       com.android.dx.ssa.back.FirstFitLocalCombiningAllocator::isEven (12 bytes)
Event: 4.234 Thread 0x0000000016e51000 nmethod 1632 0x0000000003591fd0 code [0x0000000003592120, 0x0000000003592270]

GC Heap History (6 events):
Event: 2.092 GC heap before
{Heap before GC invocations=1 (full 0):
 PSYoungGen      total 37888K, used 32768K [0x00000000eab00000, 0x00000000ed500000, 0x0000000100000000)
  eden space 32768K, 100% used [0x00000000eab00000,0x00000000ecb00000,0x00000000ecb00000)
  from space 5120K, 0% used [0x00000000ed000000,0x00000000ed000000,0x00000000ed500000)
  to   space 5120K, 0% used [0x00000000ecb00000,0x00000000ecb00000,0x00000000ed000000)
 ParOldGen       total 86016K, used 0K [0x00000000c0000000, 0x00000000c5400000, 0x00000000eab00000)
  object space 86016K, 0% used [0x00000000c0000000,0x00000000c0000000,0x00000000c5400000)
 Metaspace       used 5804K, capacity 6960K, committed 7040K, reserved 1056768K
  class space    used 578K, capacity 616K, committed 640K, reserved 1048576K
Event: 2.109 GC heap after
Heap after GC invocations=1 (full 0):
 PSYoungGen      total 37888K, used 5098K [0x00000000eab00000, 0x00000000ed500000, 0x0000000100000000)
  eden space 32768K, 0% used [0x00000000eab00000,0x00000000eab00000,0x00000000ecb00000)
  from space 5120K, 99% used [0x00000000ecb00000,0x00000000ecffaab8,0x00000000ed000000)
  to   space 5120K, 0% used [0x00000000ed000000,0x00000000ed000000,0x00000000ed500000)
 ParOldGen       total 86016K, used 1606K [0x00000000c0000000, 0x00000000c5400000, 0x00000000eab00000)
  object space 86016K, 1% used [0x00000000c0000000,0x00000000c0191808,0x00000000c5400000)
 Metaspace       used 5804K, capacity 6960K, committed 7040K, reserved 1056768K
  class space    used 578K, capacity 616K, committed 640K, reserved 1048576K
}
Event: 3.145 GC heap before
{Heap before GC invocations=2 (full 0):
 PSYoungGen      total 37888K, used 37866K [0x00000000eab00000, 0x00000000ed500000, 0x0000000100000000)
  eden space 32768K, 100% used [0x00000000eab00000,0x00000000ecb00000,0x00000000ecb00000)
  from space 5120K, 99% used [0x00000000ecb00000,0x00000000ecffaab8,0x00000000ed000000)
  to   space 5120K, 0% used [0x00000000ed000000,0x00000000ed000000,0x00000000ed500000)
 ParOldGen       total 86016K, used 1606K [0x00000000c0000000, 0x00000000c5400000, 0x00000000eab00000)
  object space 86016K, 1% used [0x00000000c0000000,0x00000000c0191808,0x00000000c5400000)
 Metaspace       used 5945K, capacity 7088K, committed 7296K, reserved 1056768K
  class space    used 581K, capacity 616K, committed 640K, reserved 1048576K
Event: 3.279 GC heap after
Heap after GC invocations=2 (full 0):
 PSYoungGen      total 37888K, used 5094K [0x00000000eab00000, 0x00000000ef500000, 0x0000000100000000)
  eden space 32768K, 0% used [0x00000000eab00000,0x00000000eab00000,0x00000000ecb00000)
  from space 5120K, 99% used [0x00000000ed000000,0x00000000ed4f9af8,0x00000000ed500000)
  to   space 5120K, 0% used [0x00000000ecb00000,0x00000000ecb00000,0x00000000ed000000)
 ParOldGen       total 86016K, used 6281K [0x00000000c0000000, 0x00000000c5400000, 0x00000000eab00000)
  object space 86016K, 7% used [0x00000000c0000000,0x00000000c06227e0,0x00000000c5400000)
 Metaspace       used 5945K, capacity 7088K, committed 7296K, reserved 1056768K
  class space    used 581K, capacity 616K, committed 640K, reserved 1048576K
}
Event: 3.970 GC heap before
{Heap before GC invocations=3 (full 0):
 PSYoungGen      total 37888K, used 37862K [0x00000000eab00000, 0x00000000ef500000, 0x0000000100000000)
  eden space 32768K, 100% used [0x00000000eab00000,0x00000000ecb00000,0x00000000ecb00000)
  from space 5120K, 99% used [0x00000000ed000000,0x00000000ed4f9af8,0x00000000ed500000)
  to   space 5120K, 0% used [0x00000000ecb00000,0x00000000ecb00000,0x00000000ed000000)
 ParOldGen       total 86016K, used 6281K [0x00000000c0000000, 0x00000000c5400000, 0x00000000eab00000)
  object space 86016K, 7% used [0x00000000c0000000,0x00000000c06227e0,0x00000000c5400000)
 Metaspace       used 5990K, capacity 7088K, committed 7296K, reserved 1056768K
  class space    used 581K, capacity 616K, committed 640K, reserved 1048576K
Event: 4.063 GC heap after
Heap after GC invocations=3 (full 0):
 PSYoungGen      total 37888K, used 5088K [0x00000000eab00000, 0x00000000ef500000, 0x0000000100000000)
  eden space 32768K, 0% used [0x00000000eab00000,0x00000000eab00000,0x00000000ecb00000)
  from space 5120K, 99% used [0x00000000ecb00000,0x00000000ecff82f8,0x00000000ed000000)
  to   space 5120K, 0% used [0x00000000ef000000,0x00000000ef000000,0x00000000ef500000)
 ParOldGen       total 86016K, used 11217K [0x00000000c0000000, 0x00000000c5400000, 0x00000000eab00000)
  object space 86016K, 13% used [0x00000000c0000000,0x00000000c0af45e8,0x00000000c5400000)
 Metaspace       used 5990K, capacity 7088K, committed 7296K, reserved 1056768K
  class space    used 581K, capacity 616K, committed 640K, reserved 1048576K
}

Deoptimization events (10 events):
Event: 3.285 Thread 0x0000000017108800 Uncommon trap: reason=class_check action=maybe_recompile pc=0x000000000352315c method=com.android.dx.cf.code.BytecodeArray.parseInstruction(ILcom/android/dx/cf/code/BytecodeArray$Visitor;)I @ 955
Event: 3.356 Thread 0x00000000170f1000 Uncommon trap: reason=bimorphic action=maybe_recompile pc=0x00000000035230c8 method=com.android.dx.cf.code.BytecodeArray.parseInstruction(ILcom/android/dx/cf/code/BytecodeArray$Visitor;)I @ 923
Event: 3.356 Thread 0x00000000170f1000 Uncommon trap: reason=bimorphic action=maybe_recompile pc=0x0000000003523048 method=com.android.dx.cf.code.BytecodeArray.parseInstruction(ILcom/android/dx/cf/code/BytecodeArray$Visitor;)I @ 907
Event: 3.356 Thread 0x00000000170f1000 Uncommon trap: reason=bimorphic action=maybe_recompile pc=0x00000000035258f8 method=com.android.dx.cf.code.BytecodeArray.parseInstruction(ILcom/android/dx/cf/code/BytecodeArray$Visitor;)I @ 2484
Event: 3.356 Thread 0x00000000170f1000 Uncommon trap: reason=bimorphic action=maybe_recompile pc=0x00000000035230c8 method=com.android.dx.cf.code.BytecodeArray.parseInstruction(ILcom/android/dx/cf/code/BytecodeArray$Visitor;)I @ 923
Event: 3.555 Thread 0x00000000170f1000 Uncommon trap: reason=unstable_if action=reinterpret pc=0x000000000350e88c method=com.android.dx.rop.code.RegisterSpec.equals(ILcom/android/dx/rop/type/TypeBearer;Lcom/android/dx/rop/code/LocalItem;)Z @ 42
Event: 4.184 Thread 0x000000001710e800 Uncommon trap: reason=bimorphic action=maybe_recompile pc=0x000000000329a8a0 method=java.util.HashMap.getNode(ILjava/lang/Object;)Ljava/util/HashMap$Node; @ 126
Event: 4.207 Thread 0x00000000170f1000 Uncommon trap: reason=bimorphic action=maybe_recompile pc=0x000000000329a8a0 method=java.util.HashMap.getNode(ILjava/lang/Object;)Ljava/util/HashMap$Node; @ 126
Event: 4.215 Thread 0x00000000170f1000 Uncommon trap: reason=bimorphic action=maybe_recompile pc=0x000000000329a8a0 method=java.util.HashMap.getNode(ILjava/lang/Object;)Ljava/util/HashMap$Node; @ 126
Event: 4.215 Thread 0x00000000170f1000 Uncommon trap: reason=bimorphic action=maybe_recompile pc=0x000000000329a8a0 method=java.util.HashMap.getNode(ILjava/lang/Object;)Ljava/util/HashMap$Node; @ 126

Internal exceptions (2 events):
Event: 0.052 Thread 0x00000000016cd800 Exception <a 'java/lang/NoSuchMethodError': Method sun.misc.Unsafe.defineClass(Ljava/lang/String;[BII)Ljava/lang/Class; name or signature does not match> (0x00000000eab12ca8) thrown at [C:\re\workspace\8-2-build-windows-amd64-cygwin\jdk8u66\5298\hotspot\srìù½ˆtÂª?
Event: 0.052 Thread 0x00000000016cd800 Exception <a 'java/lang/NoSuchMethodError': Method sun.misc.Unsafe.prefetchRead(Ljava/lang/Object;J)V name or signature does not match> (0x00000000eab12f90) thrown at [C:\re\workspace\8-2-build-windows-amd64-cygwin\jdk8u66\5298\hotspot\src\share\vm\prims\j

Events (10 events):
Event: 4.207 Thread 0x00000000170f1000 DEOPT PACKING pc=0x000000000329a8a0 sp=0x000000001764e210
Event: 4.207 Thread 0x00000000170f1000 DEOPT UNPACKING pc=0x0000000002f5582a sp=0x000000001764e190 mode 2
Event: 4.215 Thread 0x00000000170f1000 Uncommon trap: trap_request=0xffffffc6 fr.pc=0x000000000329a8a0
Event: 4.215 Thread 0x00000000170f1000 DEOPT PACKING pc=0x000000000329a8a0 sp=0x000000001764e210
Event: 4.215 Thread 0x00000000170f1000 DEOPT UNPACKING pc=0x0000000002f5582a sp=0x000000001764e190 mode 2
Event: 4.215 Thread 0x00000000170f1000 Uncommon trap: trap_request=0xffffffc6 fr.pc=0x000000000329a8a0
Event: 4.215 Thread 0x00000000170f1000 DEOPT PACKING pc=0x000000000329a8a0 sp=0x000000001764e210
Event: 4.216 Thread 0x00000000170f1000 DEOPT UNPACKING pc=0x0000000002f5582a sp=0x000000001764e190 mode 2
Event: 4.226 Executing VM operation: EnableBiasedLocking
Event: 4.226 Executing VM operation: EnableBiasedLocking done


Dynamic libraries:
0x00007ff7701d0000 - 0x00007ff770207000 	C:\Program Files\Java\jdk1.8.0_66\bin\java.exe
0x00007ffd55520000 - 0x00007ffd556f1000 	C:\WINDOWS\SYSTEM32\ntdll.dll
0x00007ffd552d0000 - 0x00007ffd5537b000 	C:\WINDOWS\System32\KERNEL32.DLL
0x00007ffd51db0000 - 0x00007ffd51fcd000 	C:\WINDOWS\System32\KERNELBASE.dll
0x00007ffd53210000 - 0x00007ffd532b2000 	C:\WINDOWS\System32\ADVAPI32.dll
0x00007ffd52f60000 - 0x00007ffd52ffe000 	C:\WINDOWS\System32\msvcrt.dll
0x00007ffd553f0000 - 0x00007ffd55449000 	C:\WINDOWS\System32\sechost.dll
0x00007ffd551a0000 - 0x00007ffd552c1000 	C:\WINDOWS\System32\RPCRT4.dll
0x00007ffd532c0000 - 0x00007ffd53425000 	C:\WINDOWS\System32\USER32.dll
0x00007ffd51be0000 - 0x00007ffd51bfe000 	C:\WINDOWS\System32\win32u.dll
0x00007ffd52ab0000 - 0x00007ffd52ae4000 	C:\WINDOWS\System32\GDI32.dll
0x00007ffd52850000 - 0x00007ffd529d2000 	C:\WINDOWS\System32\gdi32full.dll
0x00007ffd49490000 - 0x00007ffd49709000 	C:\WINDOWS\WinSxS\amd64_microsoft.windows.common-controls_6595b64144ccf1df_6.0.14393.0_none_2d0f50fcbdb171b8\COMCTL32.dll
0x00007ffd52c90000 - 0x00007ffd52f57000 	C:\WINDOWS\System32\combase.dll
0x00007ffd51fd0000 - 0x00007ffd520c5000 	C:\WINDOWS\System32\ucrtbase.dll
0x00007ffd52a40000 - 0x00007ffd52aaa000 	C:\WINDOWS\System32\bcryptPrimitives.dll
0x00007ffd53530000 - 0x00007ffd5355e000 	C:\WINDOWS\System32\IMM32.DLL
0x0000000073010000 - 0x00000000730e2000 	C:\Program Files\Java\jdk1.8.0_66\jre\bin\msvcr100.dll
0x0000000072780000 - 0x0000000073009000 	C:\Program Files\Java\jdk1.8.0_66\jre\bin\server\jvm.dll
0x00007ffd53760000 - 0x00007ffd53768000 	C:\WINDOWS\System32\PSAPI.DLL
0x00007ffd3a590000 - 0x00007ffd3a599000 	C:\WINDOWS\SYSTEM32\WSOCK32.dll
0x00007ffd53060000 - 0x00007ffd530ca000 	C:\WINDOWS\System32\WS2_32.dll
0x00007ffd4fae0000 - 0x00007ffd4fb03000 	C:\WINDOWS\SYSTEM32\WINMM.dll
0x00007ffd4a190000 - 0x00007ffd4a19a000 	C:\WINDOWS\SYSTEM32\VERSION.dll
0x00007ffd4fa80000 - 0x00007ffd4faab000 	C:\WINDOWS\SYSTEM32\WINMMBASE.dll
0x00007ffd51c00000 - 0x00007ffd51c42000 	C:\WINDOWS\System32\cfgmgr32.dll
0x0000000074330000 - 0x000000007433f000 	C:\Program Files\Java\jdk1.8.0_66\jre\bin\verify.dll
0x0000000072750000 - 0x0000000072779000 	C:\Program Files\Java\jdk1.8.0_66\jre\bin\java.dll
0x0000000074250000 - 0x0000000074266000 	C:\Program Files\Java\jdk1.8.0_66\jre\bin\zip.dll
0x00007ffd53860000 - 0x00007ffd54d68000 	C:\WINDOWS\System32\SHELL32.dll
0x00007ffd520d0000 - 0x00007ffd527aa000 	C:\WINDOWS\System32\windows.storage.dll
0x00007ffd519a0000 - 0x00007ffd519ec000 	C:\WINDOWS\System32\powrprof.dll
0x00007ffd53000000 - 0x00007ffd53052000 	C:\WINDOWS\System32\shlwapi.dll
0x00007ffd51a00000 - 0x00007ffd51a0f000 	C:\WINDOWS\System32\kernel.appcore.dll
0x00007ffd51d00000 - 0x00007ffd51da9000 	C:\WINDOWS\System32\shcore.dll
0x00007ffd51980000 - 0x00007ffd51994000 	C:\WINDOWS\System32\profapi.dll

VM Arguments:
jvm_args: -Djava.awt.headless=true -Xmx1024M -Dfile.encoding=windows-1251 -Duser.country=RU -Duser.language=ru -Duser.variant 
java_command: com.android.dx.command.Main --dex --force-jumbo --num-threads=4 --multi-dex --output E:\Education\MAPD\MAPD111\SerhiiAsign1\Serhii\build\intermediates\transforms\dex\debug\folders\1000\10\com.android.support-appcompat-v7-24.2.1_31f83fda3784d821d8c537d68e6cdd259a0756ad E:\Education\MAPD\MAPD111\SerhiiAsign1\Serhii\build\intermediates\exploded-aar\com.android.support\appcompat-v7\24.2.1\jars\classes.jar
java_class_path (initial): C:\Users\rider\AppData\Local\Android\sdk\build-tools\23.0.1\lib\dx.jar
Launcher Type: SUN_STANDARD

Environment Variables:
CLASSPATH=C:\mpj\lib\mpj.jar;
PATH=C:\Program Files (x86)\EasyPHP-DevServer-14.1VC11\binaries\php\php_runningversion;C:\ProgramData\Oracle\Java\javapath;C:\Program Files\AuthenTec TrueSuite\;C:\Program Files\Broadcom\Broadcom 802.11 Network Adapter\Driver;C:\Windows\system32;C:\Windows;C:\Windows\System32\Wbem;C:\Windows\System32\WindowsPowerShell\v1.0\;C:\Users\rider\.dnx\bin;C:\Program Files\Microsoft DNX\Dnvm\;C:\Program Files (x86)\Windows Kits\8.1\Windows Performance Toolkit\;C:\Program Files\Common Files\Autodesk Shared\;C:\Program Files (x86)\Skype\Phone\;C:\mpj\bin;C:\Program Files\Java\jdk1.8.0_66\bin;C:\Program Files\nodejs\;D:\Program Files (x86)\Git\cmd;C:\Program Files (x86)\NVIDIA Corporation\PhysX\Common;C:\WINDOWS\system32;C:\WINDOWS;C:\WINDOWS\System32\Wbem;C:\WINDOWS\System32\WindowsPowerShell\v1.0\;D:\Program Files (x86)\tortoise\bin;C:\Users\rider\AppData\Local\Programs\Python\Python35-32\Scripts\;C:\Users\rider\AppData\Local\Programs\Python\Python35-32\;C:\Program Files (x86)\Google\Chrome\Application;C:\ProgramData\Oracle\Java\javapath;C:\Program Files\AuthenTec TrueSuite\;C:\Program Files\Broadcom\Broadcom 802.11 Network Adapter\Driver;C:\Windows\system32;C:\Windows;C:\Windows\System32\Wbem;C:\Windows\System32\WindowsPowerShell\v1.0\;C:\Program Files (x86)\NVIDIA Corporation\PhysX\Common;C:\Users\rider\.dnx\bin;C:\Program Files\Microsoft DNX\Dnvm\;C:\Program Files (x86)\Windows Kits\8.1\Windows Performance Toolkit\; C:\mpj\bin; C:\Program Files\Java\jdk1.8.0_66\bin;C:\Users\rider\AppData\Roaming\npm;D:\Program Files (x86)\Microsoft VS Code\bin;C:\Users\rider\AppData\Local\Microsoft\WindowsApps;
USERNAME=rider
OS=Windows_NT
PROCESSOR_IDENTIFIER=Intel64 Family 6 Model 58 Stepping 9, GenuineIntel



---------------  S Y S T E M  ---------------

OS: Windows 10.0 , 64 bit Build 14393 (10.0.14393.0)

CPU:total 4 (2 cores per cpu, 2 threads per core) family 6 model 58 stepping 9, cmov, cx8, fxsr, mmx, sse, sse2, sse3, ssse3, sse4.1, sse4.2, popcnt, avx, clmul, erms, ht, tsc, tscinvbit, tscinv

Memory: 4k page, physical 8222948k(1133104k free), swap 11446620k(6344k free)

vm_info: Java HotSpot(TM) 64-Bit Server VM (25.66-b18) for windows-amd64 JRE (1.8.0_66-b18), built on Nov  9 2015 10:51:13 by "java_re" with MS VC++ 10.0 (VS2010)

time: Thu Oct 13 20:47:45 2016
elapsed time: 4 seconds (0d 0h 0m 4s)

