#
# There is insufficient memory for the Java Runtime Environment to continue.
# Native memory allocation (malloc) failed to allocate 886496 bytes for Chunk::new
# Possible reasons:
#   The system is out of physical RAM or swap space
#   In 32 bit mode, the process size limit was hit
# Possible solutions:
#   Reduce memory load on the system
#   Increase physical memory or swap space
#   Check if swap backing store is full
#   Use 64 bit Java on a 64 bit OS
#   Decrease Java heap size (-Xmx/-Xms)
#   Decrease number of Java threads
#   Decrease Java thread stack sizes (-Xss)
#   Set larger code cache with -XX:ReservedCodeCacheSize=
# This output file may be truncated or incomplete.
#
#  Out of Memory Error (allocation.cpp:390), pid=8136, tid=7244
#
# JRE version: Java(TM) SE Runtime Environment (8.0_66-b18) (build 1.8.0_66-b18)
# Java VM: Java HotSpot(TM) 64-Bit Server VM (25.66-b18 mixed mode windows-amd64 compressed oops)
# Failed to write core dump. Minidumps are not enabled by default on client versions of Windows
#

---------------  T H R E A D  ---------------

Current thread (0x00000000151b9800):  JavaThread "C2 CompilerThread0" daemon [_thread_in_native, id=7244, stack(0x0000000016830000,0x0000000016930000)]

Stack: [0x0000000016830000,0x0000000016930000]
[error occurred during error reporting (printing stack bounds), id 0xc0000005]

Native frames: (J=compiled Java code, j=interpreted, Vv=VM code, C=native code)


Current CompileTask:
C2:   3872 1162       4       com.android.dx.ssa.SCCP::simulateStmt (481 bytes)


---------------  P R O C E S S  ---------------

Java Threads: ( => current thread )
  0x0000000016a82800 JavaThread "pool-2-thread-4" [_thread_in_Java, id=3012, stack(0x0000000017530000,0x0000000017630000)]
  0x0000000016a81000 JavaThread "pool-2-thread-3" [_thread_in_Java, id=8944, stack(0x0000000017430000,0x0000000017530000)]
  0x0000000016a80800 JavaThread "pool-2-thread-2" [_thread_in_Java, id=12872, stack(0x0000000017330000,0x0000000017430000)]
  0x0000000016a69000 JavaThread "pool-3-thread-1" [_thread_blocked, id=10292, stack(0x0000000017230000,0x0000000017330000)]
  0x0000000016a66800 JavaThread "pool-2-thread-1" [_thread_blocked, id=3124, stack(0x0000000017130000,0x0000000017230000)]
  0x0000000016936800 JavaThread "Service Thread" daemon [_thread_blocked, id=5576, stack(0x0000000016f30000,0x0000000017030000)]
  0x000000001520d800 JavaThread "C1 CompilerThread2" daemon [_thread_in_native, id=11188, stack(0x0000000016e30000,0x0000000016f30000)]
  0x000000001520a800 JavaThread "C2 CompilerThread1" daemon [_thread_in_native, id=416, stack(0x0000000016d30000,0x0000000016e30000)]
=>0x00000000151b9800 JavaThread "C2 CompilerThread0" daemon [_thread_in_native, id=7244, stack(0x0000000016830000,0x0000000016930000)]
  0x00000000151b7800 JavaThread "Attach Listener" daemon [_thread_blocked, id=4648, stack(0x0000000016730000,0x0000000016830000)]
  0x00000000151b6800 JavaThread "Signal Dispatcher" daemon [_thread_blocked, id=6548, stack(0x0000000016630000,0x0000000016730000)]
  0x0000000002ad1000 JavaThread "Finalizer" daemon [_thread_blocked, id=5376, stack(0x0000000016430000,0x0000000016530000)]
  0x0000000002ace000 JavaThread "Reference Handler" daemon [_thread_blocked, id=11568, stack(0x0000000016330000,0x0000000016430000)]
  0x00000000029dd800 JavaThread "main" [_thread_blocked, id=1812, stack(0x00000000027e0000,0x00000000028e0000)]

Other Threads:
  0x0000000015177800 VMThread [stack: 0x0000000016230000,0x0000000016330000] [id=2108]
  0x000000001693b800 WatcherThread [stack: 0x0000000017030000,0x0000000017130000] [id=6572]

VM state:not at safepoint (normal execution)

VM Mutex/Monitor currently owned by a thread:  ([mutex/lock_event])
[0x00000000029dc200] CodeCache_lock - owner thread: 0x000000001520d800
[0x00000000029e0f50] Compile_lock - owner thread: 0x000000001520d800

Heap:
 PSYoungGen      total 37888K, used 9930K [0x00000000eab00000, 0x00000000ed500000, 0x0000000100000000)
  eden space 32768K, 14% used [0x00000000eab00000,0x00000000eafb44a8,0x00000000ecb00000)
  from space 5120K, 99% used [0x00000000ecb00000,0x00000000ecffe518,0x00000000ed000000)
  to   space 5120K, 0% used [0x00000000ed000000,0x00000000ed000000,0x00000000ed500000)
 ParOldGen       total 86016K, used 2470K [0x00000000c0000000, 0x00000000c5400000, 0x00000000eab00000)
  object space 86016K, 2% used [0x00000000c0000000,0x00000000c02698b0,0x00000000c5400000)
 Metaspace       used 5772K, capacity 6960K, committed 7040K, reserved 1056768K
  class space    used 580K, capacity 616K, committed 640K, reserved 1048576K

Card table byte_map: [0x0000000011ea0000,0x00000000120b0000] byte_map_base: 0x00000000118a0000

Marking Bits: (ParMarkBitMap*) 0x0000000072f8a5b0
 Begin Bits: [0x0000000012610000, 0x0000000013610000)
 End Bits:   [0x0000000013610000, 0x0000000014610000)

Polling page: 0x0000000001040000

CodeCache: size=245760Kb used=4817Kb max_used=4817Kb free=240943Kb
 bounds [0x0000000002ae0000, 0x0000000002fa0000, 0x0000000011ae0000]
 total_blobs=1432 nmethods=1169 adapters=176
 compilation: enabled

Compilation events (10 events):
Event: 3.854 Thread 0x000000001520d800 nmethod 1168 0x0000000002f8e1d0 code [0x0000000002f8e340, 0x0000000002f8e6b0]
Event: 3.854 Thread 0x000000001520d800 1169       3       com.android.dx.rop.code.LocalItem::make (20 bytes)
Event: 3.855 Thread 0x000000001520d800 nmethod 1169 0x0000000002f8dc50 code [0x0000000002f8ddc0, 0x0000000002f8e0b0]
Event: 3.855 Thread 0x000000001520d800 1170       3       com.android.dx.rop.code.LocalItem::<init> (15 bytes)
Event: 3.855 Thread 0x000000001520d800 nmethod 1170 0x0000000002f8d890 code [0x0000000002f8d9e0, 0x0000000002f8dbb0]
Event: 3.855 Thread 0x000000001520d800 1171       3       com.android.dx.ssa.PhiTypeResolver::run (179 bytes)
Event: 3.857 Thread 0x000000001520d800 nmethod 1171 0x0000000002f8bc50 code [0x0000000002f8bee0, 0x0000000002f8d088]
Event: 3.865 Thread 0x000000001520d800 1174       3       com.android.dx.ssa.SsaMethod::makeExitBlock (134 bytes)
Event: 3.866 Thread 0x000000001520d800 nmethod 1174 0x0000000002f8f990 code [0x0000000002f8fc20, 0x0000000002f90c28]
Event: 3.867 Thread 0x000000001520d800 1177       3       com.android.dx.ssa.ConstCollector::getConstsSortedByCountUse (386 bytes)

GC Heap History (2 events):
Event: 3.642 GC heap before
{Heap before GC invocations=1 (full 0):
 PSYoungGen      total 37888K, used 32768K [0x00000000eab00000, 0x00000000ed500000, 0x0000000100000000)
  eden space 32768K, 100% used [0x00000000eab00000,0x00000000ecb00000,0x00000000ecb00000)
  from space 5120K, 0% used [0x00000000ed000000,0x00000000ed000000,0x00000000ed500000)
  to   space 5120K, 0% used [0x00000000ecb00000,0x00000000ecb00000,0x00000000ed000000)
 ParOldGen       total 86016K, used 0K [0x00000000c0000000, 0x00000000c5400000, 0x00000000eab00000)
  object space 86016K, 0% used [0x00000000c0000000,0x00000000c0000000,0x00000000c5400000)
 Metaspace       used 5746K, capacity 6896K, committed 7040K, reserved 1056768K
  class space    used 580K, capacity 616K, committed 640K, reserved 1048576K
Event: 3.725 GC heap after
Heap after GC invocations=1 (full 0):
 PSYoungGen      total 37888K, used 5113K [0x00000000eab00000, 0x00000000ed500000, 0x0000000100000000)
  eden space 32768K, 0% used [0x00000000eab00000,0x00000000eab00000,0x00000000ecb00000)
  from space 5120K, 99% used [0x00000000ecb00000,0x00000000ecffe518,0x00000000ed000000)
  to   space 5120K, 0% used [0x00000000ed000000,0x00000000ed000000,0x00000000ed500000)
 ParOldGen       total 86016K, used 2470K [0x00000000c0000000, 0x00000000c5400000, 0x00000000eab00000)
  object space 86016K, 2% used [0x00000000c0000000,0x00000000c02698b0,0x00000000c5400000)
 Metaspace       used 5746K, capacity 6896K, committed 7040K, reserved 1056768K
  class space    used 580K, capacity 616K, committed 640K, reserved 1048576K
}

Deoptimization events (10 events):
Event: 2.783 Thread 0x0000000016a82800 Uncommon trap: reason=unstable_if action=reinterpret pc=0x0000000002d1adf0 method=java.util.HashMap.getNode(ILjava/lang/Object;)Ljava/util/HashMap$Node; @ 62
Event: 2.944 Thread 0x0000000016a81000 Uncommon trap: reason=unstable_if action=reinterpret pc=0x0000000002d3d2dc method=com.android.dx.rop.cst.Constant.compareTo(Lcom/android/dx/rop/cst/Constant;)I @ 12
Event: 3.015 Thread 0x0000000016a66800 Uncommon trap: reason=bimorphic action=maybe_recompile pc=0x0000000002d4a118 method=java.util.HashMap.getNode(ILjava/lang/Object;)Ljava/util/HashMap$Node; @ 126
Event: 3.015 Thread 0x0000000016a66800 Uncommon trap: reason=bimorphic action=maybe_recompile pc=0x0000000002d4a118 method=java.util.HashMap.getNode(ILjava/lang/Object;)Ljava/util/HashMap$Node; @ 126
Event: 3.015 Thread 0x0000000016a66800 Uncommon trap: reason=bimorphic action=maybe_recompile pc=0x0000000002d4a118 method=java.util.HashMap.getNode(ILjava/lang/Object;)Ljava/util/HashMap$Node; @ 126
Event: 3.015 Thread 0x0000000016a66800 Uncommon trap: reason=bimorphic action=maybe_recompile pc=0x0000000002d4a118 method=java.util.HashMap.getNode(ILjava/lang/Object;)Ljava/util/HashMap$Node; @ 126
Event: 3.016 Thread 0x0000000016a66800 Uncommon trap: reason=bimorphic action=maybe_recompile pc=0x0000000002d51924 method=java.util.HashMap.getNode(ILjava/lang/Object;)Ljava/util/HashMap$Node; @ 126
Event: 3.562 Thread 0x00000000029dd800 Uncommon trap: reason=unstable_if action=reinterpret pc=0x0000000002e4592c method=com.android.dx.rop.code.RegisterSpecSet.put(Lcom/android/dx/rop/code/RegisterSpec;)V @ 77
Event: 3.562 Thread 0x00000000029dd800 Uncommon trap: reason=unstable_if action=reinterpret pc=0x0000000002e46fa0 method=com.android.dx.rop.code.RegisterSpecSet.put(Lcom/android/dx/rop/code/RegisterSpec;)V @ 77
Event: 3.577 Thread 0x00000000029dd800 Uncommon trap: reason=null_check action=make_not_entrant pc=0x0000000002e42da0 method=com.android.dx.rop.type.Type.equals(Ljava/lang/Object;)Z @ 8

Internal exceptions (3 events):
Event: 0.175 Thread 0x00000000029dd800 Exception <a 'java/lang/NoSuchMethodError': Method sun.misc.Unsafe.defineClass(Ljava/lang/String;[BII)Ljava/lang/Class; name or signature does not match> (0x00000000eab13080) thrown at [C:\re\workspace\8-2-build-windows-amd64-cygwin\jdk8u66\5298\hotspot\sr—èKÎµs∆?
Event: 0.175 Thread 0x00000000029dd800 Exception <a 'java/lang/NoSuchMethodError': Method sun.misc.Unsafe.prefetchRead(Ljava/lang/Object;J)V name or signature does not match> (0x00000000eab13368) thrown at [C:\re\workspace\8-2-build-windows-amd64-cygwin\jdk8u66\5298\hotspot\src\share\vm\prims\jW'’ù@
Event: 3.577 Thread 0x00000000029dd800 Implicit null exception at 0x0000000002e42ca2 to 0x0000000002e42d92

Events (10 events):
Event: 3.562 Thread 0x00000000029dd800 DEOPT PACKING pc=0x0000000002e4592c sp=0x00000000028de3c0
Event: 3.562 Thread 0x00000000029dd800 DEOPT UNPACKING pc=0x0000000002b2582a sp=0x00000000028de348 mode 2
Event: 3.562 Thread 0x00000000029dd800 Uncommon trap: trap_request=0xffffff65 fr.pc=0x0000000002e46fa0
Event: 3.562 Thread 0x00000000029dd800 DEOPT PACKING pc=0x0000000002e46fa0 sp=0x00000000028de3b0
Event: 3.562 Thread 0x00000000029dd800 DEOPT UNPACKING pc=0x0000000002b2582a sp=0x00000000028de2d0 mode 2
Event: 3.577 Thread 0x00000000029dd800 Uncommon trap: trap_request=0xfffffff4 fr.pc=0x0000000002e42da0
Event: 3.577 Thread 0x00000000029dd800 DEOPT PACKING pc=0x0000000002e42da0 sp=0x00000000028de050
Event: 3.577 Thread 0x00000000029dd800 DEOPT UNPACKING pc=0x0000000002b2582a sp=0x00000000028ddfd8 mode 2
Event: 3.593 Executing VM operation: ParallelGCFailedAllocation
Event: 3.725 Executing VM operation: ParallelGCFailedAllocation done


Dynamic libraries:
0x00007ff7701d0000 - 0x00007ff770207000 	C:\Program Files\Java\jdk1.8.0_66\bin\java.exe
0x00007ffd55520000 - 0x00007ffd556f1000 	C:\WINDOWS\SYSTEM32\ntdll.dll
0x00007ffd552d0000 - 0x00007ffd5537b000 	C:\WINDOWS\System32\KERNEL32.DLL
0x00007ffd51db0000 - 0x00007ffd51fcd000 	C:\WINDOWS\System32\KERNELBASE.dll
0x00007ffd53210000 - 0x00007ffd532b2000 	C:\WINDOWS\System32\ADVAPI32.dll
0x00007ffd52f60000 - 0x00007ffd52ffe000 	C:\WINDOWS\System32\msvcrt.dll
0x00007ffd553f0000 - 0x00007ffd55449000 	C:\WINDOWS\System32\sechost.dll
0x00007ffd551a0000 - 0x00007ffd552c1000 	C:\WINDOWS\System32\RPCRT4.dll
0x00007ffd532c0000 - 0x00007ffd53425000 	C:\WINDOWS\System32\USER32.dll
0x00007ffd51be0000 - 0x00007ffd51bfe000 	C:\WINDOWS\System32\win32u.dll
0x00007ffd52ab0000 - 0x00007ffd52ae4000 	C:\WINDOWS\System32\GDI32.dll
0x00007ffd52850000 - 0x00007ffd529d2000 	C:\WINDOWS\System32\gdi32full.dll
0x00007ffd49490000 - 0x00007ffd49709000 	C:\WINDOWS\WinSxS\amd64_microsoft.windows.common-controls_6595b64144ccf1df_6.0.14393.0_none_2d0f50fcbdb171b8\COMCTL32.dll
0x00007ffd52c90000 - 0x00007ffd52f57000 	C:\WINDOWS\System32\combase.dll
0x00007ffd51fd0000 - 0x00007ffd520c5000 	C:\WINDOWS\System32\ucrtbase.dll
0x00007ffd52a40000 - 0x00007ffd52aaa000 	C:\WINDOWS\System32\bcryptPrimitives.dll
0x00007ffd53530000 - 0x00007ffd5355e000 	C:\WINDOWS\System32\IMM32.DLL
0x0000000073010000 - 0x00000000730e2000 	C:\Program Files\Java\jdk1.8.0_66\jre\bin\msvcr100.dll
0x0000000072780000 - 0x0000000073009000 	C:\Program Files\Java\jdk1.8.0_66\jre\bin\server\jvm.dll
0x00007ffd53760000 - 0x00007ffd53768000 	C:\WINDOWS\System32\PSAPI.DLL
0x00007ffd3a590000 - 0x00007ffd3a599000 	C:\WINDOWS\SYSTEM32\WSOCK32.dll
0x00007ffd53060000 - 0x00007ffd530ca000 	C:\WINDOWS\System32\WS2_32.dll
0x00007ffd4fae0000 - 0x00007ffd4fb03000 	C:\WINDOWS\SYSTEM32\WINMM.dll
0x00007ffd4a190000 - 0x00007ffd4a19a000 	C:\WINDOWS\SYSTEM32\VERSION.dll
0x00007ffd4fa80000 - 0x00007ffd4faab000 	C:\WINDOWS\SYSTEM32\WINMMBASE.dll
0x00007ffd51c00000 - 0x00007ffd51c42000 	C:\WINDOWS\System32\cfgmgr32.dll
0x0000000074330000 - 0x000000007433f000 	C:\Program Files\Java\jdk1.8.0_66\jre\bin\verify.dll
0x0000000072750000 - 0x0000000072779000 	C:\Program Files\Java\jdk1.8.0_66\jre\bin\java.dll
0x0000000074250000 - 0x0000000074266000 	C:\Program Files\Java\jdk1.8.0_66\jre\bin\zip.dll
0x00007ffd53860000 - 0x00007ffd54d68000 	C:\WINDOWS\System32\SHELL32.dll
0x00007ffd520d0000 - 0x00007ffd527aa000 	C:\WINDOWS\System32\windows.storage.dll
0x00007ffd519a0000 - 0x00007ffd519ec000 	C:\WINDOWS\System32\powrprof.dll
0x00007ffd53000000 - 0x00007ffd53052000 	C:\WINDOWS\System32\shlwapi.dll
0x00007ffd51a00000 - 0x00007ffd51a0f000 	C:\WINDOWS\System32\kernel.appcore.dll
0x00007ffd51d00000 - 0x00007ffd51da9000 	C:\WINDOWS\System32\shcore.dll
0x00007ffd51980000 - 0x00007ffd51994000 	C:\WINDOWS\System32\profapi.dll

VM Arguments:
jvm_args: -Djava.awt.headless=true -Xmx1024M -Dfile.encoding=windows-1251 -Duser.country=RU -Duser.language=ru -Duser.variant 
java_command: com.android.dx.command.Main --dex --force-jumbo --num-threads=4 --multi-dex --output E:\Education\MAPD\MAPD111\SerhiiAsign1\Serhii\build\intermediates\transforms\dex\debug\folders\1000\10\com.android.support-support-fragment-24.2.1_3ebab6fbfdf3273ace8c8fc1bb21b165fe5a1d82 E:\Education\MAPD\MAPD111\SerhiiAsign1\Serhii\build\intermediates\exploded-aar\com.android.support\support-fragment\24.2.1\jars\classes.jar
java_class_path (initial): C:\Users\rider\AppData\Local\Android\sdk\build-tools\23.0.1\lib\dx.jar
Launcher Type: SUN_STANDARD

Environment Variables:
CLASSPATH=C:\mpj\lib\mpj.jar;
PATH=C:\Program Files (x86)\EasyPHP-DevServer-14.1VC11\binaries\php\php_runningversion;C:\ProgramData\Oracle\Java\javapath;C:\Program Files\AuthenTec TrueSuite\;C:\Program Files\Broadcom\Broadcom 802.11 Network Adapter\Driver;C:\Windows\system32;C:\Windows;C:\Windows\System32\Wbem;C:\Windows\System32\WindowsPowerShell\v1.0\;C:\Users\rider\.dnx\bin;C:\Program Files\Microsoft DNX\Dnvm\;C:\Program Files (x86)\Windows Kits\8.1\Windows Performance Toolkit\;C:\Program Files\Common Files\Autodesk Shared\;C:\Program Files (x86)\Skype\Phone\;C:\mpj\bin;C:\Program Files\Java\jdk1.8.0_66\bin;C:\Program Files\nodejs\;D:\Program Files (x86)\Git\cmd;C:\Program Files (x86)\NVIDIA Corporation\PhysX\Common;C:\WINDOWS\system32;C:\WINDOWS;C:\WINDOWS\System32\Wbem;C:\WINDOWS\System32\WindowsPowerShell\v1.0\;D:\Program Files (x86)\tortoise\bin;C:\Users\rider\AppData\Local\Programs\Python\Python35-32\Scripts\;C:\Users\rider\AppData\Local\Programs\Python\Python35-32\;C:\Program Files (x86)\Google\Chrome\Application;C:\ProgramData\Oracle\Java\javapath;C:\Program Files\AuthenTec TrueSuite\;C:\Program Files\Broadcom\Broadcom 802.11 Network Adapter\Driver;C:\Windows\system32;C:\Windows;C:\Windows\System32\Wbem;C:\Windows\System32\WindowsPowerShell\v1.0\;C:\Program Files (x86)\NVIDIA Corporation\PhysX\Common;C:\Users\rider\.dnx\bin;C:\Program Files\Microsoft DNX\Dnvm\;C:\Program Files (x86)\Windows Kits\8.1\Windows Performance Toolkit\; C:\mpj\bin; C:\Program Files\Java\jdk1.8.0_66\bin;C:\Users\rider\AppData\Roaming\npm;D:\Program Files (x86)\Microsoft VS Code\bin;C:\Users\rider\AppData\Local\Microsoft\WindowsApps;
USERNAME=rider
OS=Windows_NT
PROCESSOR_IDENTIFIER=Intel64 Family 6 Model 58 Stepping 9, GenuineIntel



---------------  S Y S T E M  ---------------

OS: Windows 10.0 , 64 bit Build 14393 (10.0.14393.0)

CPU:total 4 (2 cores per cpu, 2 threads per core) family 6 model 58 stepping 9, cmov, cx8, fxsr, mmx, sse, sse2, sse3, ssse3, sse4.1, sse4.2, popcnt, avx, clmul, erms, ht, tsc, tscinvbit, tscinv

Memory: 4k page, physical 8222948k(1108216k free), swap 11446620k(5368k free)

vm_info: Java HotSpot(TM) 64-Bit Server VM (25.66-b18) for windows-amd64 JRE (1.8.0_66-b18), built on Nov  9 2015 10:51:13 by "java_re" with MS VC++ 10.0 (VS2010)

time: Thu Oct 13 20:47:51 2016
elapsed time: 3 seconds (0d 0h 0m 3s)

