#
# There is insufficient memory for the Java Runtime Environment to continue.
# Native memory allocation (malloc) failed to allocate 1211696 bytes for Chunk::new
# Possible reasons:
#   The system is out of physical RAM or swap space
#   In 32 bit mode, the process size limit was hit
# Possible solutions:
#   Reduce memory load on the system
#   Increase physical memory or swap space
#   Check if swap backing store is full
#   Use 64 bit Java on a 64 bit OS
#   Decrease Java heap size (-Xmx/-Xms)
#   Decrease number of Java threads
#   Decrease Java thread stack sizes (-Xss)
#   Set larger code cache with -XX:ReservedCodeCacheSize=
# This output file may be truncated or incomplete.
#
#  Out of Memory Error (allocation.cpp:390), pid=12772, tid=9412
#
# JRE version: Java(TM) SE Runtime Environment (8.0_66-b18) (build 1.8.0_66-b18)
# Java VM: Java HotSpot(TM) 64-Bit Server VM (25.66-b18 mixed mode windows-amd64 compressed oops)
# Failed to write core dump. Minidumps are not enabled by default on client versions of Windows
#

---------------  T H R E A D  ---------------

Current thread (0x00000000150f9800):  JavaThread "C2 CompilerThread0" daemon [_thread_in_native, id=9412, stack(0x0000000016740000,0x0000000016840000)]

Stack: [0x0000000016740000,0x0000000016840000]
[error occurred during error reporting (printing stack bounds), id 0xc0000005]

Native frames: (J=compiled Java code, j=interpreted, Vv=VM code, C=native code)


Current CompileTask:
C2:   3919 1488       4       com.android.dx.ssa.LocalVariableExtractor::processBlock (383 bytes)


---------------  P R O C E S S  ---------------

Java Threads: ( => current thread )
  0x0000000016bb1800 JavaThread "pool-2-thread-4" [_thread_in_Java, id=2320, stack(0x0000000017440000,0x0000000017540000)]
  0x0000000016bae000 JavaThread "pool-2-thread-3" [_thread_blocked, id=1192, stack(0x0000000017340000,0x0000000017440000)]
  0x0000000016baa000 JavaThread "pool-2-thread-2" [_thread_in_Java, id=10852, stack(0x0000000017240000,0x0000000017340000)]
  0x0000000016ba7000 JavaThread "pool-3-thread-1" [_thread_blocked, id=8596, stack(0x0000000017140000,0x0000000017240000)]
  0x0000000016ba6000 JavaThread "pool-2-thread-1" [_thread_blocked, id=3048, stack(0x0000000017040000,0x0000000017140000)]
  0x000000001514c000 JavaThread "Service Thread" daemon [_thread_blocked, id=7376, stack(0x0000000016e40000,0x0000000016f40000)]
  0x0000000016948800 JavaThread "C1 CompilerThread2" daemon [_thread_blocked, id=9336, stack(0x0000000016d40000,0x0000000016e40000)]
  0x0000000015142800 JavaThread "C2 CompilerThread1" daemon [_thread_in_native, id=1252, stack(0x0000000016840000,0x0000000016940000)]
=>0x00000000150f9800 JavaThread "C2 CompilerThread0" daemon [_thread_in_native, id=9412, stack(0x0000000016740000,0x0000000016840000)]
  0x00000000150f7800 JavaThread "Attach Listener" daemon [_thread_blocked, id=6900, stack(0x0000000016640000,0x0000000016740000)]
  0x00000000150f6800 JavaThread "Signal Dispatcher" daemon [_thread_blocked, id=7752, stack(0x0000000016540000,0x0000000016640000)]
  0x0000000002a11000 JavaThread "Finalizer" daemon [_thread_blocked, id=4504, stack(0x0000000016350000,0x0000000016450000)]
  0x0000000002a0e000 JavaThread "Reference Handler" daemon [_thread_blocked, id=1136, stack(0x0000000016250000,0x0000000016350000)]
  0x00000000027dd800 JavaThread "main" [_thread_blocked, id=7792, stack(0x00000000027e0000,0x00000000028e0000)]

Other Threads:
  0x00000000150b7800 VMThread [stack: 0x0000000016150000,0x0000000016250000] [id=10136]
  0x0000000016953800 WatcherThread [stack: 0x0000000016f40000,0x0000000017040000] [id=11044]

VM state:not at safepoint (normal execution)

VM Mutex/Monitor currently owned by a thread: None

Heap:
 PSYoungGen      total 37888K, used 14684K [0x00000000eab00000, 0x00000000ed500000, 0x0000000100000000)
  eden space 32768K, 29% used [0x00000000eab00000,0x00000000eb45a3c0,0x00000000ecb00000)
  from space 5120K, 99% used [0x00000000ed000000,0x00000000ed4fcd60,0x00000000ed500000)
  to   space 5120K, 0% used [0x00000000ecb00000,0x00000000ecb00000,0x00000000ed000000)
 ParOldGen       total 86016K, used 5185K [0x00000000c0000000, 0x00000000c5400000, 0x00000000eab00000)
  object space 86016K, 6% used [0x00000000c0000000,0x00000000c05105b8,0x00000000c5400000)
 Metaspace       used 6005K, capacity 7088K, committed 7296K, reserved 1056768K
  class space    used 599K, capacity 616K, committed 640K, reserved 1048576K

Card table byte_map: [0x0000000011de0000,0x0000000011ff0000] byte_map_base: 0x00000000117e0000

Marking Bits: (ParMarkBitMap*) 0x0000000072f8a5b0
 Begin Bits: [0x0000000012550000, 0x0000000013550000)
 End Bits:   [0x0000000013550000, 0x0000000014550000)

Polling page: 0x00000000011f0000

CodeCache: size=245760Kb used=6075Kb max_used=6091Kb free=239684Kb
 bounds [0x0000000002a20000, 0x0000000003020000, 0x0000000011a20000]
 total_blobs=1738 nmethods=1475 adapters=176
 compilation: enabled

Compilation events (10 events):
Event: 3.804 Thread 0x0000000016948800 1493       2       com.android.dx.ssa.LocalVariableExtractor::<init> (61 bytes)
Event: 3.804 Thread 0x0000000016948800 nmethod 1493 0x0000000002ff8a90 code [0x0000000002ff8c20, 0x0000000002ff8fa8]
Event: 3.804 Thread 0x0000000016948800 1487       2       com.android.dx.rop.type.Type::isReference (15 bytes)
Event: 3.804 Thread 0x0000000016948800 nmethod 1487 0x0000000002ff4850 code [0x0000000002ff49a0, 0x0000000002ff4b10]
Event: 3.821 Thread 0x00000000150f9800 nmethod 1470% 0x000000000300c250 code [0x000000000300c420, 0x000000000300d238]
Event: 3.821 Thread 0x00000000150f9800 1490       4       com.android.dx.rop.type.Type::equals (31 bytes)
Event: 3.823 Thread 0x00000000150f9800 nmethod 1490 0x0000000003009150 code [0x00000000030092a0, 0x0000000003009418]
Event: 3.823 Thread 0x00000000150f9800 1488       4       com.android.dx.ssa.LocalVariableExtractor::processBlock (383 bytes)
Event: 3.900 Thread 0x0000000015142800 nmethod 1364 0x0000000003011f50 code [0x00000000030124a0, 0x00000000030156e0]
Event: 3.900 Thread 0x0000000015142800 1341       4       com.android.dx.rop.code.RopMethod::labelToPredecessors (54 bytes)

GC Heap History (4 events):
Event: 3.003 GC heap before
{Heap before GC invocations=1 (full 0):
 PSYoungGen      total 37888K, used 32768K [0x00000000eab00000, 0x00000000ed500000, 0x0000000100000000)
  eden space 32768K, 100% used [0x00000000eab00000,0x00000000ecb00000,0x00000000ecb00000)
  from space 5120K, 0% used [0x00000000ed000000,0x00000000ed000000,0x00000000ed500000)
  to   space 5120K, 0% used [0x00000000ecb00000,0x00000000ecb00000,0x00000000ed000000)
 ParOldGen       total 86016K, used 0K [0x00000000c0000000, 0x00000000c5400000, 0x00000000eab00000)
  object space 86016K, 0% used [0x00000000c0000000,0x00000000c0000000,0x00000000c5400000)
 Metaspace       used 5857K, capacity 6960K, committed 7040K, reserved 1056768K
  class space    used 594K, capacity 616K, committed 640K, reserved 1048576K
Event: 3.143 GC heap after
Heap after GC invocations=1 (full 0):
 PSYoungGen      total 37888K, used 5099K [0x00000000eab00000, 0x00000000ed500000, 0x0000000100000000)
  eden space 32768K, 0% used [0x00000000eab00000,0x00000000eab00000,0x00000000ecb00000)
  from space 5120K, 99% used [0x00000000ecb00000,0x00000000ecffadd8,0x00000000ed000000)
  to   space 5120K, 0% used [0x00000000ed000000,0x00000000ed000000,0x00000000ed500000)
 ParOldGen       total 86016K, used 1162K [0x00000000c0000000, 0x00000000c5400000, 0x00000000eab00000)
  object space 86016K, 1% used [0x00000000c0000000,0x00000000c01229a0,0x00000000c5400000)
 Metaspace       used 5857K, capacity 6960K, committed 7040K, reserved 1056768K
  class space    used 594K, capacity 616K, committed 640K, reserved 1048576K
}
Event: 3.738 GC heap before
{Heap before GC invocations=2 (full 0):
 PSYoungGen      total 37888K, used 37867K [0x00000000eab00000, 0x00000000ed500000, 0x0000000100000000)
  eden space 32768K, 100% used [0x00000000eab00000,0x00000000ecb00000,0x00000000ecb00000)
  from space 5120K, 99% used [0x00000000ecb00000,0x00000000ecffadd8,0x00000000ed000000)
  to   space 5120K, 0% used [0x00000000ed000000,0x00000000ed000000,0x00000000ed500000)
 ParOldGen       total 86016K, used 1162K [0x00000000c0000000, 0x00000000c5400000, 0x00000000eab00000)
  object space 86016K, 1% used [0x00000000c0000000,0x00000000c01229a0,0x00000000c5400000)
 Metaspace       used 5996K, capacity 7024K, committed 7296K, reserved 1056768K
  class space    used 599K, capacity 616K, committed 640K, reserved 1048576K
Event: 3.756 GC heap after
Heap after GC invocations=2 (full 0):
 PSYoungGen      total 37888K, used 5107K [0x00000000eab00000, 0x00000000ed500000, 0x0000000100000000)
  eden space 32768K, 0% used [0x00000000eab00000,0x00000000eab00000,0x00000000ecb00000)
  from space 5120K, 99% used [0x00000000ed000000,0x00000000ed4fcd60,0x00000000ed500000)
  to   space 5120K, 0% used [0x00000000ecb00000,0x00000000ecb00000,0x00000000ed000000)
 ParOldGen       total 86016K, used 5185K [0x00000000c0000000, 0x00000000c5400000, 0x00000000eab00000)
  object space 86016K, 6% used [0x00000000c0000000,0x00000000c05105b8,0x00000000c5400000)
 Metaspace       used 5996K, capacity 7024K, committed 7296K, reserved 1056768K
  class space    used 599K, capacity 616K, committed 640K, reserved 1048576K
}

Deoptimization events (10 events):
Event: 2.813 Thread 0x00000000027dd800 Uncommon trap: reason=class_check action=maybe_recompile pc=0x0000000002efeff4 method=com.android.dx.cf.code.BytecodeArray.parseInstruction(ILcom/android/dx/cf/code/BytecodeArray$Visitor;)I @ 971
Event: 2.818 Thread 0x00000000027dd800 Uncommon trap: reason=class_check action=maybe_recompile pc=0x0000000002eff404 method=com.android.dx.cf.code.BytecodeArray.parseInstruction(ILcom/android/dx/cf/code/BytecodeArray$Visitor;)I @ 1161
Event: 2.828 Thread 0x00000000027dd800 Uncommon trap: reason=unstable_if action=reinterpret pc=0x0000000002e60fd4 method=java.util.HashMap.getNode(ILjava/lang/Object;)Ljava/util/HashMap$Node; @ 84
Event: 3.178 Thread 0x0000000016baa000 Uncommon trap: reason=null_check action=make_not_entrant pc=0x0000000002d092e0 method=com.android.dx.rop.type.Type.equals(Ljava/lang/Object;)Z @ 8
Event: 3.187 Thread 0x0000000016bb1800 Uncommon trap: reason=unstable_if action=reinterpret pc=0x0000000002dcf538 method=com.android.dx.cf.code.Ropper.labelToResultIndex(I)I @ 34
Event: 3.187 Thread 0x0000000016bb1800 Uncommon trap: reason=null_check action=make_not_entrant pc=0x0000000002d19c24 method=com.android.dx.ssa.SsaRenamer.getLocalForNewReg(I)Lcom/android/dx/rop/code/LocalItem; @ 19
Event: 3.590 Thread 0x0000000016ba6000 Uncommon trap: reason=bimorphic action=maybe_recompile pc=0x0000000002f8df28 method=com.android.dx.cf.code.BytecodeArray.parseInstruction(ILcom/android/dx/cf/code/BytecodeArray$Visitor;)I @ 939
Event: 3.590 Thread 0x0000000016ba6000 Uncommon trap: reason=bimorphic action=maybe_recompile pc=0x0000000002f8df28 method=com.android.dx.cf.code.BytecodeArray.parseInstruction(ILcom/android/dx/cf/code/BytecodeArray$Visitor;)I @ 939
Event: 3.591 Thread 0x0000000016ba6000 Uncommon trap: reason=unstable_if action=reinterpret pc=0x0000000002f7ac58 method=java.util.HashMap.putVal(ILjava/lang/Object;Ljava/lang/Object;ZZ)Ljava/lang/Object; @ 109
Event: 3.718 Thread 0x00000000027dd800 Uncommon trap: reason=unstable_if action=reinterpret pc=0x0000000002e28a44 method=java.util.HashMap.putVal(ILjava/lang/Object;Ljava/lang/Object;ZZ)Ljava/lang/Object; @ 162

Internal exceptions (7 events):
Event: 0.086 Thread 0x00000000027dd800 Exception <a 'java/lang/NoSuchMethodError': Method sun.misc.Unsafe.defineClass(Ljava/lang/String;[BII)Ljava/lang/Class; name or signature does not match> (0x00000000eab13080) thrown at [C:\re\workspace\8-2-build-windows-amd64-cygwin\jdk8u66\5298\hotspot\sr;^ò	a¶?
Event: 0.086 Thread 0x00000000027dd800 Exception <a 'java/lang/NoSuchMethodError': Method sun.misc.Unsafe.prefetchRead(Ljava/lang/Object;J)V name or signature does not match> (0x00000000eab13368) thrown at [C:\re\workspace\8-2-build-windows-amd64-cygwin\jdk8u66\5298\hotspot\src\share\vm\prims\j]€Äð
Event: 2.704 Thread 0x00000000027dd800 Exception <a 'java/lang/ArrayIndexOutOfBoundsException': 18> (0x00000000ec5d8a30) thrown at [C:\re\workspace\8-2-build-windows-amd64-cygwin\jdk8u66\5298\hotspot\src\share\vm\interpreter\interpreterRuntime.cpp, line 366]
Event: 2.704 Thread 0x00000000027dd800 Exception <a 'java/lang/ArrayIndexOutOfBoundsException': 145> (0x00000000ec5da5b0) thrown at [C:\re\workspace\8-2-build-windows-amd64-cygwin\jdk8u66\5298\hotspot\src\share\vm\interpreter\interpreterRuntime.cpp, line 366]
Event: 2.705 Thread 0x00000000027dd800 Exception <a 'java/lang/ArrayIndexOutOfBoundsException'> (0x00000000ec5db898) thrown at [C:\re\workspace\8-2-build-windows-amd64-cygwin\jdk8u66\5298\hotspot\src\share\vm\runtime\sharedRuntime.cpp, line 605]
Event: 3.177 Thread 0x0000000016baa000 Implicit null exception at 0x0000000002d091e2 to 0x0000000002d092d2
Event: 3.187 Thread 0x0000000016bb1800 Implicit null exception at 0x0000000002d187c0 to 0x0000000002d19c05

Events (10 events):
Event: 3.624 Thread 0x0000000016bb1800 DEOPT UNPACKING pc=0x0000000002a6787f sp=0x000000001753e4a8 mode 0
Event: 3.718 Thread 0x00000000027dd800 Uncommon trap: trap_request=0xffffff65 fr.pc=0x0000000002e28a44
Event: 3.718 Thread 0x00000000027dd800 DEOPT PACKING pc=0x0000000002e28a44 sp=0x00000000028dd680
Event: 3.718 Thread 0x00000000027dd800 DEOPT UNPACKING pc=0x0000000002a6582a sp=0x00000000028dd608 mode 2
Event: 3.719 Executing VM operation: ParallelGCFailedAllocation
Event: 3.756 Executing VM operation: ParallelGCFailedAllocation done
Event: 3.770 Thread 0x0000000016bb1800 DEOPT PACKING pc=0x0000000002dc9993 sp=0x000000001753e6e0
Event: 3.770 Thread 0x0000000016bb1800 DEOPT UNPACKING pc=0x0000000002a6787f sp=0x000000001753e4a8 mode 0
Event: 3.783 Thread 0x0000000016baa000 DEOPT PACKING pc=0x0000000002dc9993 sp=0x000000001733e990
Event: 3.783 Thread 0x0000000016baa000 DEOPT UNPACKING pc=0x0000000002a6787f sp=0x000000001733e758 mode 0


Dynamic libraries:
0x00007ff7701d0000 - 0x00007ff770207000 	C:\Program Files\Java\jdk1.8.0_66\bin\java.exe
0x00007ffd55520000 - 0x00007ffd556f1000 	C:\WINDOWS\SYSTEM32\ntdll.dll
0x00007ffd552d0000 - 0x00007ffd5537b000 	C:\WINDOWS\System32\KERNEL32.DLL
0x00007ffd51db0000 - 0x00007ffd51fcd000 	C:\WINDOWS\System32\KERNELBASE.dll
0x00007ffd53210000 - 0x00007ffd532b2000 	C:\WINDOWS\System32\ADVAPI32.dll
0x00007ffd52f60000 - 0x00007ffd52ffe000 	C:\WINDOWS\System32\msvcrt.dll
0x00007ffd553f0000 - 0x00007ffd55449000 	C:\WINDOWS\System32\sechost.dll
0x00007ffd551a0000 - 0x00007ffd552c1000 	C:\WINDOWS\System32\RPCRT4.dll
0x00007ffd532c0000 - 0x00007ffd53425000 	C:\WINDOWS\System32\USER32.dll
0x00007ffd51be0000 - 0x00007ffd51bfe000 	C:\WINDOWS\System32\win32u.dll
0x00007ffd52ab0000 - 0x00007ffd52ae4000 	C:\WINDOWS\System32\GDI32.dll
0x00007ffd52850000 - 0x00007ffd529d2000 	C:\WINDOWS\System32\gdi32full.dll
0x00007ffd49490000 - 0x00007ffd49709000 	C:\WINDOWS\WinSxS\amd64_microsoft.windows.common-controls_6595b64144ccf1df_6.0.14393.0_none_2d0f50fcbdb171b8\COMCTL32.dll
0x00007ffd52c90000 - 0x00007ffd52f57000 	C:\WINDOWS\System32\combase.dll
0x00007ffd51fd0000 - 0x00007ffd520c5000 	C:\WINDOWS\System32\ucrtbase.dll
0x00007ffd52a40000 - 0x00007ffd52aaa000 	C:\WINDOWS\System32\bcryptPrimitives.dll
0x00007ffd53530000 - 0x00007ffd5355e000 	C:\WINDOWS\System32\IMM32.DLL
0x0000000073010000 - 0x00000000730e2000 	C:\Program Files\Java\jdk1.8.0_66\jre\bin\msvcr100.dll
0x0000000072780000 - 0x0000000073009000 	C:\Program Files\Java\jdk1.8.0_66\jre\bin\server\jvm.dll
0x00007ffd53760000 - 0x00007ffd53768000 	C:\WINDOWS\System32\PSAPI.DLL
0x00007ffd3a590000 - 0x00007ffd3a599000 	C:\WINDOWS\SYSTEM32\WSOCK32.dll
0x00007ffd53060000 - 0x00007ffd530ca000 	C:\WINDOWS\System32\WS2_32.dll
0x00007ffd4fae0000 - 0x00007ffd4fb03000 	C:\WINDOWS\SYSTEM32\WINMM.dll
0x00007ffd4a190000 - 0x00007ffd4a19a000 	C:\WINDOWS\SYSTEM32\VERSION.dll
0x00007ffd4fa80000 - 0x00007ffd4faab000 	C:\WINDOWS\SYSTEM32\WINMMBASE.dll
0x00007ffd51c00000 - 0x00007ffd51c42000 	C:\WINDOWS\System32\cfgmgr32.dll
0x0000000074330000 - 0x000000007433f000 	C:\Program Files\Java\jdk1.8.0_66\jre\bin\verify.dll
0x0000000072750000 - 0x0000000072779000 	C:\Program Files\Java\jdk1.8.0_66\jre\bin\java.dll
0x0000000074250000 - 0x0000000074266000 	C:\Program Files\Java\jdk1.8.0_66\jre\bin\zip.dll
0x00007ffd53860000 - 0x00007ffd54d68000 	C:\WINDOWS\System32\SHELL32.dll
0x00007ffd520d0000 - 0x00007ffd527aa000 	C:\WINDOWS\System32\windows.storage.dll
0x00007ffd519a0000 - 0x00007ffd519ec000 	C:\WINDOWS\System32\powrprof.dll
0x00007ffd53000000 - 0x00007ffd53052000 	C:\WINDOWS\System32\shlwapi.dll
0x00007ffd51a00000 - 0x00007ffd51a0f000 	C:\WINDOWS\System32\kernel.appcore.dll
0x00007ffd51d00000 - 0x00007ffd51da9000 	C:\WINDOWS\System32\shcore.dll
0x00007ffd51980000 - 0x00007ffd51994000 	C:\WINDOWS\System32\profapi.dll

VM Arguments:
jvm_args: -Djava.awt.headless=true -Xmx1024M -Dfile.encoding=windows-1251 -Duser.country=RU -Duser.language=ru -Duser.variant 
java_command: com.android.dx.command.Main --dex --force-jumbo --num-threads=4 --multi-dex --output E:\Education\MAPD\MAPD111\SerhiiAsign1\Serhii\build\intermediates\transforms\dex\debug\folders\1000\10\com.android.support-recyclerview-v7-24.2.1_39b4e31a04a8f2f36db0ea41d8e4b98441e3acef E:\Education\MAPD\MAPD111\SerhiiAsign1\Serhii\build\intermediates\exploded-aar\com.android.support\recyclerview-v7\24.2.1\jars\classes.jar
java_class_path (initial): C:\Users\rider\AppData\Local\Android\sdk\build-tools\23.0.1\lib\dx.jar
Launcher Type: SUN_STANDARD

Environment Variables:
CLASSPATH=C:\mpj\lib\mpj.jar;
PATH=C:\Program Files (x86)\EasyPHP-DevServer-14.1VC11\binaries\php\php_runningversion;C:\ProgramData\Oracle\Java\javapath;C:\Program Files\AuthenTec TrueSuite\;C:\Program Files\Broadcom\Broadcom 802.11 Network Adapter\Driver;C:\Windows\system32;C:\Windows;C:\Windows\System32\Wbem;C:\Windows\System32\WindowsPowerShell\v1.0\;C:\Users\rider\.dnx\bin;C:\Program Files\Microsoft DNX\Dnvm\;C:\Program Files (x86)\Windows Kits\8.1\Windows Performance Toolkit\;C:\Program Files\Common Files\Autodesk Shared\;C:\Program Files (x86)\Skype\Phone\;C:\mpj\bin;C:\Program Files\Java\jdk1.8.0_66\bin;C:\Program Files\nodejs\;D:\Program Files (x86)\Git\cmd;C:\Program Files (x86)\NVIDIA Corporation\PhysX\Common;C:\WINDOWS\system32;C:\WINDOWS;C:\WINDOWS\System32\Wbem;C:\WINDOWS\System32\WindowsPowerShell\v1.0\;D:\Program Files (x86)\tortoise\bin;C:\Users\rider\AppData\Local\Programs\Python\Python35-32\Scripts\;C:\Users\rider\AppData\Local\Programs\Python\Python35-32\;C:\Program Files (x86)\Google\Chrome\Application;C:\ProgramData\Oracle\Java\javapath;C:\Program Files\AuthenTec TrueSuite\;C:\Program Files\Broadcom\Broadcom 802.11 Network Adapter\Driver;C:\Windows\system32;C:\Windows;C:\Windows\System32\Wbem;C:\Windows\System32\WindowsPowerShell\v1.0\;C:\Program Files (x86)\NVIDIA Corporation\PhysX\Common;C:\Users\rider\.dnx\bin;C:\Program Files\Microsoft DNX\Dnvm\;C:\Program Files (x86)\Windows Kits\8.1\Windows Performance Toolkit\; C:\mpj\bin; C:\Program Files\Java\jdk1.8.0_66\bin;C:\Users\rider\AppData\Roaming\npm;D:\Program Files (x86)\Microsoft VS Code\bin;C:\Users\rider\AppData\Local\Microsoft\WindowsApps;
USERNAME=rider
OS=Windows_NT
PROCESSOR_IDENTIFIER=Intel64 Family 6 Model 58 Stepping 9, GenuineIntel



---------------  S Y S T E M  ---------------

OS: Windows 10.0 , 64 bit Build 14393 (10.0.14393.0)

CPU:total 4 (2 cores per cpu, 2 threads per core) family 6 model 58 stepping 9, cmov, cx8, fxsr, mmx, sse, sse2, sse3, ssse3, sse4.1, sse4.2, popcnt, avx, clmul, erms, ht, tsc, tscinvbit, tscinv

Memory: 4k page, physical 8222948k(1110144k free), swap 11446620k(6280k free)

vm_info: Java HotSpot(TM) 64-Bit Server VM (25.66-b18) for windows-amd64 JRE (1.8.0_66-b18), built on Nov  9 2015 10:51:13 by "java_re" with MS VC++ 10.0 (VS2010)

time: Thu Oct 13 20:47:51 2016
elapsed time: 3 seconds (0d 0h 0m 3s)

