#
# There is insufficient memory for the Java Runtime Environment to continue.
# Native memory allocation (malloc) failed to allocate 1110816 bytes for Chunk::new
# Possible reasons:
#   The system is out of physical RAM or swap space
#   In 32 bit mode, the process size limit was hit
# Possible solutions:
#   Reduce memory load on the system
#   Increase physical memory or swap space
#   Check if swap backing store is full
#   Use 64 bit Java on a 64 bit OS
#   Decrease Java heap size (-Xmx/-Xms)
#   Decrease number of Java threads
#   Decrease Java thread stack sizes (-Xss)
#   Set larger code cache with -XX:ReservedCodeCacheSize=
# This output file may be truncated or incomplete.
#
#  Out of Memory Error (allocation.cpp:390), pid=12828, tid=4576
#
# JRE version: Java(TM) SE Runtime Environment (8.0_66-b18) (build 1.8.0_66-b18)
# Java VM: Java HotSpot(TM) 64-Bit Server VM (25.66-b18 mixed mode windows-amd64 compressed oops)
# Failed to write core dump. Minidumps are not enabled by default on client versions of Windows
#

---------------  T H R E A D  ---------------

Current thread (0x0000000015611800):  JavaThread "C2 CompilerThread1" daemon [_thread_in_native, id=4576, stack(0x0000000016d90000,0x0000000016e90000)]

Stack: [0x0000000016d90000,0x0000000016e90000]
[error occurred during error reporting (printing stack bounds), id 0xc0000005]

Native frames: (J=compiled Java code, j=interpreted, Vv=VM code, C=native code)


Current CompileTask:
C2:   1004 1157       4       com.android.dx.ssa.SCCP::simulateBranch (666 bytes)


---------------  P R O C E S S  ---------------

Java Threads: ( => current thread )
  0x0000000017256800 JavaThread "pool-2-thread-4" [_thread_in_Java, id=7024, stack(0x0000000017990000,0x0000000017a90000)]
  0x0000000017268000 JavaThread "pool-2-thread-3" [_thread_blocked, id=3436, stack(0x0000000017890000,0x0000000017990000)]
  0x0000000017242800 JavaThread "pool-2-thread-2" [_thread_in_Java, id=4040, stack(0x0000000017790000,0x0000000017890000)]
  0x000000001723f800 JavaThread "pool-3-thread-1" [_thread_blocked, id=12652, stack(0x0000000017690000,0x0000000017790000)]
  0x000000001723f000 JavaThread "pool-2-thread-1" [_thread_in_vm, id=10876, stack(0x0000000017590000,0x0000000017690000)]
  0x0000000016fc2800 JavaThread "Service Thread" daemon [_thread_blocked, id=11940, stack(0x0000000017390000,0x0000000017490000)]
  0x0000000015616800 JavaThread "C1 CompilerThread2" daemon [_thread_blocked, id=10348, stack(0x0000000016e90000,0x0000000016f90000)]
=>0x0000000015611800 JavaThread "C2 CompilerThread1" daemon [_thread_in_native, id=4576, stack(0x0000000016d90000,0x0000000016e90000)]
  0x000000001560e800 JavaThread "C2 CompilerThread0" daemon [_thread_in_native, id=13656, stack(0x0000000016c90000,0x0000000016d90000)]
  0x000000001560d000 JavaThread "Attach Listener" daemon [_thread_blocked, id=10644, stack(0x0000000016b90000,0x0000000016c90000)]
  0x000000001560b800 JavaThread "Signal Dispatcher" daemon [_thread_blocked, id=9028, stack(0x0000000016a90000,0x0000000016b90000)]
  0x0000000002f38800 JavaThread "Finalizer" daemon [_thread_blocked, id=13456, stack(0x00000000168a0000,0x00000000169a0000)]
  0x0000000002f30000 JavaThread "Reference Handler" daemon [_thread_blocked, id=11948, stack(0x00000000167a0000,0x00000000168a0000)]
  0x00000000011ad800 JavaThread "main" [_thread_in_Java, id=9304, stack(0x0000000002d40000,0x0000000002e40000)]

Other Threads:
  0x00000000155d8000 VMThread [stack: 0x00000000166a0000,0x00000000167a0000] [id=10828]
  0x0000000016fe7800 WatcherThread [stack: 0x0000000017490000,0x0000000017590000] [id=11272]

VM state:not at safepoint (normal execution)

VM Mutex/Monitor currently owned by a thread: None

Heap:
 PSYoungGen      total 37888K, used 18430K [0x00000000eab00000, 0x00000000ef500000, 0x0000000100000000)
  eden space 32768K, 40% used [0x00000000eab00000,0x00000000eb800248,0x00000000ecb00000)
  from space 5120K, 99% used [0x00000000ecb00000,0x00000000ecfff8c0,0x00000000ed000000)
  to   space 5120K, 0% used [0x00000000ef000000,0x00000000ef000000,0x00000000ef500000)
 ParOldGen       total 86016K, used 1404K [0x00000000c0000000, 0x00000000c5400000, 0x00000000eab00000)
  object space 86016K, 1% used [0x00000000c0000000,0x00000000c015f038,0x00000000c5400000)
 Metaspace       used 5915K, capacity 7024K, committed 7296K, reserved 1056768K
  class space    used 599K, capacity 616K, committed 640K, reserved 1048576K

Card table byte_map: [0x0000000012300000,0x0000000012510000] byte_map_base: 0x0000000011d00000

Marking Bits: (ParMarkBitMap*) 0x000000007306a5b0
 Begin Bits: [0x0000000012a70000, 0x0000000013a70000)
 End Bits:   [0x0000000013a70000, 0x0000000014a70000)

Polling page: 0x0000000001170000

CodeCache: size=245760Kb used=5131Kb max_used=5131Kb free=240628Kb
 bounds [0x0000000002f40000, 0x0000000003450000, 0x0000000011f40000]
 total_blobs=1520 nmethods=1257 adapters=176
 compilation: enabled

Compilation events (10 events):
Event: 0.997 Thread 0x0000000015616800 1270       2       com.android.dx.cf.iface.StdAttributeList::findNext (85 bytes)
Event: 0.998 Thread 0x0000000015616800 nmethod 1270 0x0000000003445c90 code [0x0000000003445e40, 0x0000000003446268]
Event: 0.998 Thread 0x0000000015616800 1269       2       com.android.dx.cf.direct.DirectClassFile::parseToEndIfNecessary (12 bytes)
Event: 0.998 Thread 0x0000000015616800 nmethod 1269 0x0000000003446590 code [0x0000000003446700, 0x0000000003446888]
Event: 0.998 Thread 0x0000000015616800 1267       2       com.android.dx.dex.file.ClassDefItem::addVirtualMethod (9 bytes)
Event: 0.999 Thread 0x0000000015616800 nmethod 1267 0x0000000003446910 code [0x0000000003446aa0, 0x0000000003446dd8]
Event: 0.999 Thread 0x0000000015616800 1268       2       com.android.dx.dex.file.ClassDataItem::addVirtualMethod (24 bytes)
Event: 0.999 Thread 0x0000000015616800 nmethod 1268 0x0000000003447090 code [0x0000000003447220, 0x0000000003447578]
Event: 1.001 Thread 0x0000000015616800 1271       2       com.android.dx.rop.cst.CstMethodRef::<init> (7 bytes)
Event: 1.001 Thread 0x0000000015616800 nmethod 1271 0x0000000003447810 code [0x0000000003447980, 0x0000000003447b58]

GC Heap History (2 events):
Event: 0.838 GC heap before
{Heap before GC invocations=1 (full 0):
 PSYoungGen      total 37888K, used 32768K [0x00000000eab00000, 0x00000000ed500000, 0x0000000100000000)
  eden space 32768K, 100% used [0x00000000eab00000,0x00000000ecb00000,0x00000000ecb00000)
  from space 5120K, 0% used [0x00000000ed000000,0x00000000ed000000,0x00000000ed500000)
  to   space 5120K, 0% used [0x00000000ecb00000,0x00000000ecb00000,0x00000000ed000000)
 ParOldGen       total 86016K, used 0K [0x00000000c0000000, 0x00000000c5400000, 0x00000000eab00000)
  object space 86016K, 0% used [0x00000000c0000000,0x00000000c0000000,0x00000000c5400000)
 Metaspace       used 5818K, capacity 6896K, committed 7040K, reserved 1056768K
  class space    used 595K, capacity 616K, committed 640K, reserved 1048576K
Event: 0.851 GC heap after
Heap after GC invocations=1 (full 0):
 PSYoungGen      total 37888K, used 5118K [0x00000000eab00000, 0x00000000ef500000, 0x0000000100000000)
  eden space 32768K, 0% used [0x00000000eab00000,0x00000000eab00000,0x00000000ecb00000)
  from space 5120K, 99% used [0x00000000ecb00000,0x00000000ecfff8c0,0x00000000ed000000)
  to   space 5120K, 0% used [0x00000000ef000000,0x00000000ef000000,0x00000000ef500000)
 ParOldGen       total 86016K, used 1404K [0x00000000c0000000, 0x00000000c5400000, 0x00000000eab00000)
  object space 86016K, 1% used [0x00000000c0000000,0x00000000c015f038,0x00000000c5400000)
 Metaspace       used 5818K, capacity 6896K, committed 7040K, reserved 1056768K
  class space    used 595K, capacity 616K, committed 640K, reserved 1048576K
}

Deoptimization events (10 events):
Event: 0.733 Thread 0x0000000017242800 Uncommon trap: reason=bimorphic action=maybe_recompile pc=0x000000000319172c method=java.util.HashMap.getNode(ILjava/lang/Object;)Ljava/util/HashMap$Node; @ 126
Event: 0.733 Thread 0x0000000017242800 Uncommon trap: reason=class_check action=maybe_recompile pc=0x00000000033403bc method=java.util.HashMap.putVal(ILjava/lang/Object;Ljava/lang/Object;ZZ)Ljava/lang/Object; @ 203
Event: 0.733 Thread 0x0000000017242800 Uncommon trap: reason=bimorphic action=maybe_recompile pc=0x000000000319172c method=java.util.HashMap.getNode(ILjava/lang/Object;)Ljava/util/HashMap$Node; @ 126
Event: 0.733 Thread 0x0000000017242800 Uncommon trap: reason=class_check action=maybe_recompile pc=0x00000000033403bc method=java.util.HashMap.putVal(ILjava/lang/Object;Ljava/lang/Object;ZZ)Ljava/lang/Object; @ 203
Event: 0.733 Thread 0x0000000017242800 Uncommon trap: reason=bimorphic action=maybe_recompile pc=0x000000000319172c method=java.util.HashMap.getNode(ILjava/lang/Object;)Ljava/util/HashMap$Node; @ 126
Event: 0.733 Thread 0x0000000017242800 Uncommon trap: reason=class_check action=maybe_recompile pc=0x00000000033403bc method=java.util.HashMap.putVal(ILjava/lang/Object;Ljava/lang/Object;ZZ)Ljava/lang/Object; @ 203
Event: 0.733 Thread 0x0000000017242800 Uncommon trap: reason=unstable_if action=reinterpret pc=0x000000000329e59c method=com.android.dx.rop.cst.Constant.compareTo(Lcom/android/dx/rop/cst/Constant;)I @ 12
Event: 0.898 Thread 0x0000000017256800 Uncommon trap: reason=unstable_if action=reinterpret pc=0x00000000033199b8 method=com.android.dx.cf.code.Ropper.labelToResultIndex(I)I @ 34
Event: 0.898 Thread 0x0000000017256800 Uncommon trap: reason=null_check action=make_not_entrant pc=0x000000000324a81c method=com.android.dx.ssa.SsaRenamer.getLocalForNewReg(I)Lcom/android/dx/rop/code/LocalItem; @ 19
Event: 0.952 Thread 0x000000001723f000 Uncommon trap: reason=null_check action=make_not_entrant pc=0x000000000331c7a0 method=com.android.dx.rop.type.Type.equals(Ljava/lang/Object;)Z @ 8

Internal exceptions (7 events):
Event: 0.041 Thread 0x00000000011ad800 Exception <a 'java/lang/NoSuchMethodError': Method sun.misc.Unsafe.defineClass(Ljava/lang/String;[BII)Ljava/lang/Class; name or signature does not match> (0x00000000eab12e88) thrown at [C:\re\workspace\8-2-build-windows-amd64-cygwin\jdk8u66\5298\hotspot\srŒ æ¸÷¥?
Event: 0.041 Thread 0x00000000011ad800 Exception <a 'java/lang/NoSuchMethodError': Method sun.misc.Unsafe.prefetchRead(Ljava/lang/Object;J)V name or signature does not match> (0x00000000eab13170) thrown at [C:\re\workspace\8-2-build-windows-amd64-cygwin\jdk8u66\5298\hotspot\src\share\vm\prims\jÚMa…Vfç?
Event: 0.731 Thread 0x0000000017256800 Exception <a 'java/lang/ArrayIndexOutOfBoundsException': 18> (0x00000000ec4f7fe8) thrown at [C:\re\workspace\8-2-build-windows-amd64-cygwin\jdk8u66\5298\hotspot\src\share\vm\interpreter\interpreterRuntime.cpp, line 366]
Event: 0.732 Thread 0x0000000017256800 Exception <a 'java/lang/ArrayIndexOutOfBoundsException': 145> (0x00000000ec4f9b68) thrown at [C:\re\workspace\8-2-build-windows-amd64-cygwin\jdk8u66\5298\hotspot\src\share\vm\interpreter\interpreterRuntime.cpp, line 366]
Event: 0.732 Thread 0x0000000017256800 Exception <a 'java/lang/ArrayIndexOutOfBoundsException'> (0x00000000ec4fae50) thrown at [C:\re\workspace\8-2-build-windows-amd64-cygwin\jdk8u66\5298\hotspot\src\share\vm\runtime\sharedRuntime.cpp, line 605]
Event: 0.898 Thread 0x0000000017256800 Implicit null exception at 0x000000000324894b to 0x000000000324a7d5
Event: 0.952 Thread 0x000000001723f000 Implicit null exception at 0x000000000331c6a2 to 0x000000000331c792

Events (10 events):
Event: 0.898 Thread 0x0000000017256800 DEOPT UNPACKING pc=0x0000000002f8582a sp=0x0000000017a8e968 mode 2
Event: 0.952 Thread 0x000000001723f000 Uncommon trap: trap_request=0xfffffff4 fr.pc=0x000000000331c7a0
Event: 0.952 Thread 0x000000001723f000 DEOPT PACKING pc=0x000000000331c7a0 sp=0x000000001768e630
Event: 0.952 Thread 0x000000001723f000 DEOPT UNPACKING pc=0x0000000002f8582a sp=0x000000001768e5b8 mode 2
Event: 0.956 loading class com/android/dx/dex/file/ParameterAnnotationStruct
Event: 0.956 loading class com/android/dx/dex/file/ParameterAnnotationStruct done
Event: 0.958 loading class com/android/dx/dex/file/UniformListItem
Event: 0.958 loading class com/android/dx/dex/file/UniformListItem done
Event: 0.958 loading class com/android/dx/dex/file/AnnotationSetRefItem
Event: 0.958 loading class com/android/dx/dex/file/AnnotationSetRefItem done


Dynamic libraries:
0x00007ff7701d0000 - 0x00007ff770207000 	C:\Program Files\Java\jdk1.8.0_66\bin\java.exe
0x00007ffd55520000 - 0x00007ffd556f1000 	C:\WINDOWS\SYSTEM32\ntdll.dll
0x00007ffd552d0000 - 0x00007ffd5537b000 	C:\WINDOWS\System32\KERNEL32.DLL
0x00007ffd51db0000 - 0x00007ffd51fcd000 	C:\WINDOWS\System32\KERNELBASE.dll
0x00007ffd53210000 - 0x00007ffd532b2000 	C:\WINDOWS\System32\ADVAPI32.dll
0x00007ffd52f60000 - 0x00007ffd52ffe000 	C:\WINDOWS\System32\msvcrt.dll
0x00007ffd553f0000 - 0x00007ffd55449000 	C:\WINDOWS\System32\sechost.dll
0x00007ffd551a0000 - 0x00007ffd552c1000 	C:\WINDOWS\System32\RPCRT4.dll
0x00007ffd532c0000 - 0x00007ffd53425000 	C:\WINDOWS\System32\USER32.dll
0x00007ffd51be0000 - 0x00007ffd51bfe000 	C:\WINDOWS\System32\win32u.dll
0x00007ffd52ab0000 - 0x00007ffd52ae4000 	C:\WINDOWS\System32\GDI32.dll
0x00007ffd52850000 - 0x00007ffd529d2000 	C:\WINDOWS\System32\gdi32full.dll
0x00007ffd49490000 - 0x00007ffd49709000 	C:\WINDOWS\WinSxS\amd64_microsoft.windows.common-controls_6595b64144ccf1df_6.0.14393.0_none_2d0f50fcbdb171b8\COMCTL32.dll
0x00007ffd52c90000 - 0x00007ffd52f57000 	C:\WINDOWS\System32\combase.dll
0x00007ffd51fd0000 - 0x00007ffd520c5000 	C:\WINDOWS\System32\ucrtbase.dll
0x00007ffd52a40000 - 0x00007ffd52aaa000 	C:\WINDOWS\System32\bcryptPrimitives.dll
0x00007ffd53530000 - 0x00007ffd5355e000 	C:\WINDOWS\System32\IMM32.DLL
0x0000000073fa0000 - 0x0000000074072000 	C:\Program Files\Java\jdk1.8.0_66\jre\bin\msvcr100.dll
0x0000000072860000 - 0x00000000730e9000 	C:\Program Files\Java\jdk1.8.0_66\jre\bin\server\jvm.dll
0x00007ffd53760000 - 0x00007ffd53768000 	C:\WINDOWS\System32\PSAPI.DLL
0x00007ffd3a590000 - 0x00007ffd3a599000 	C:\WINDOWS\SYSTEM32\WSOCK32.dll
0x00007ffd4fae0000 - 0x00007ffd4fb03000 	C:\WINDOWS\SYSTEM32\WINMM.dll
0x00007ffd4a190000 - 0x00007ffd4a19a000 	C:\WINDOWS\SYSTEM32\VERSION.dll
0x00007ffd53060000 - 0x00007ffd530ca000 	C:\WINDOWS\System32\WS2_32.dll
0x00007ffd4fa80000 - 0x00007ffd4faab000 	C:\WINDOWS\SYSTEM32\winmmbase.dll
0x00007ffd51c00000 - 0x00007ffd51c42000 	C:\WINDOWS\System32\cfgmgr32.dll
0x0000000074330000 - 0x000000007433f000 	C:\Program Files\Java\jdk1.8.0_66\jre\bin\verify.dll
0x0000000073f70000 - 0x0000000073f99000 	C:\Program Files\Java\jdk1.8.0_66\jre\bin\java.dll
0x0000000074250000 - 0x0000000074266000 	C:\Program Files\Java\jdk1.8.0_66\jre\bin\zip.dll
0x00007ffd53860000 - 0x00007ffd54d68000 	C:\WINDOWS\System32\SHELL32.dll
0x00007ffd520d0000 - 0x00007ffd527aa000 	C:\WINDOWS\System32\windows.storage.dll
0x00007ffd519a0000 - 0x00007ffd519ec000 	C:\WINDOWS\System32\powrprof.dll
0x00007ffd53000000 - 0x00007ffd53052000 	C:\WINDOWS\System32\shlwapi.dll
0x00007ffd51a00000 - 0x00007ffd51a0f000 	C:\WINDOWS\System32\kernel.appcore.dll
0x00007ffd51d00000 - 0x00007ffd51da9000 	C:\WINDOWS\System32\shcore.dll
0x00007ffd51980000 - 0x00007ffd51994000 	C:\WINDOWS\System32\profapi.dll

VM Arguments:
jvm_args: -Djava.awt.headless=true -Xmx1024M -Dfile.encoding=windows-1251 -Duser.country=RU -Duser.language=ru -Duser.variant 
java_command: com.android.dx.command.Main --dex --force-jumbo --num-threads=4 --multi-dex --output E:\Education\MAPD\MAPD111\SerhiiAsign1\Serhii\build\intermediates\transforms\dex\debug\folders\1000\10\com.android.support-recyclerview-v7-24.2.1_39b4e31a04a8f2f36db0ea41d8e4b98441e3acef E:\Education\MAPD\MAPD111\SerhiiAsign1\Serhii\build\intermediates\exploded-aar\com.android.support\recyclerview-v7\24.2.1\jars\classes.jar
java_class_path (initial): C:\Users\rider\AppData\Local\Android\sdk\build-tools\23.0.1\lib\dx.jar
Launcher Type: SUN_STANDARD

Environment Variables:
CLASSPATH=C:\mpj\lib\mpj.jar;
PATH=C:\Program Files (x86)\EasyPHP-DevServer-14.1VC11\binaries\php\php_runningversion;C:\ProgramData\Oracle\Java\javapath;C:\Program Files\AuthenTec TrueSuite\;C:\Program Files\Broadcom\Broadcom 802.11 Network Adapter\Driver;C:\Windows\system32;C:\Windows;C:\Windows\System32\Wbem;C:\Windows\System32\WindowsPowerShell\v1.0\;C:\Users\rider\.dnx\bin;C:\Program Files\Microsoft DNX\Dnvm\;C:\Program Files (x86)\Windows Kits\8.1\Windows Performance Toolkit\;C:\Program Files\Common Files\Autodesk Shared\;C:\Program Files (x86)\Skype\Phone\;C:\mpj\bin;C:\Program Files\Java\jdk1.8.0_66\bin;C:\Program Files\nodejs\;D:\Program Files (x86)\Git\cmd;C:\Program Files (x86)\NVIDIA Corporation\PhysX\Common;C:\WINDOWS\system32;C:\WINDOWS;C:\WINDOWS\System32\Wbem;C:\WINDOWS\System32\WindowsPowerShell\v1.0\;D:\Program Files (x86)\tortoise\bin;C:\Users\rider\AppData\Local\Programs\Python\Python35-32\Scripts\;C:\Users\rider\AppData\Local\Programs\Python\Python35-32\;C:\Program Files (x86)\Google\Chrome\Application;C:\ProgramData\Oracle\Java\javapath;C:\Program Files\AuthenTec TrueSuite\;C:\Program Files\Broadcom\Broadcom 802.11 Network Adapter\Driver;C:\Windows\system32;C:\Windows;C:\Windows\System32\Wbem;C:\Windows\System32\WindowsPowerShell\v1.0\;C:\Program Files (x86)\NVIDIA Corporation\PhysX\Common;C:\Users\rider\.dnx\bin;C:\Program Files\Microsoft DNX\Dnvm\;C:\Program Files (x86)\Windows Kits\8.1\Windows Performance Toolkit\; C:\mpj\bin; C:\Program Files\Java\jdk1.8.0_66\bin;C:\Users\rider\AppData\Roaming\npm;D:\Program Files (x86)\Microsoft VS Code\bin;C:\Users\rider\AppData\Local\Microsoft\WindowsApps;
USERNAME=rider
OS=Windows_NT
PROCESSOR_IDENTIFIER=Intel64 Family 6 Model 58 Stepping 9, GenuineIntel



---------------  S Y S T E M  ---------------

OS: Windows 10.0 , 64 bit Build 14393 (10.0.14393.0)

CPU:total 4 (2 cores per cpu, 2 threads per core) family 6 model 58 stepping 9, cmov, cx8, fxsr, mmx, sse, sse2, sse3, ssse3, sse4.1, sse4.2, popcnt, avx, clmul, erms, ht, tsc, tscinvbit, tscinv

Memory: 4k page, physical 8222948k(2003056k free), swap 11511436k(5340k free)

vm_info: Java HotSpot(TM) 64-Bit Server VM (25.66-b18) for windows-amd64 JRE (1.8.0_66-b18), built on Nov  9 2015 10:51:13 by "java_re" with MS VC++ 10.0 (VS2010)

time: Fri Oct 14 11:47:35 2016
elapsed time: 1 seconds (0d 0h 0m 1s)

