#
# There is insufficient memory for the Java Runtime Environment to continue.
# Native memory allocation (malloc) failed to allocate 131088 bytes for Chunk::new
# Possible reasons:
#   The system is out of physical RAM or swap space
#   In 32 bit mode, the process size limit was hit
# Possible solutions:
#   Reduce memory load on the system
#   Increase physical memory or swap space
#   Check if swap backing store is full
#   Use 64 bit Java on a 64 bit OS
#   Decrease Java heap size (-Xmx/-Xms)
#   Decrease number of Java threads
#   Decrease Java thread stack sizes (-Xss)
#   Set larger code cache with -XX:ReservedCodeCacheSize=
# This output file may be truncated or incomplete.
#
#  Out of Memory Error (allocation.cpp:390), pid=10132, tid=4160
#
# JRE version: Java(TM) SE Runtime Environment (8.0_66-b18) (build 1.8.0_66-b18)
# Java VM: Java HotSpot(TM) 64-Bit Server VM (25.66-b18 mixed mode windows-amd64 compressed oops)
# Failed to write core dump. Minidumps are not enabled by default on client versions of Windows
#

---------------  T H R E A D  ---------------

Current thread (0x00000000158ea800):  JavaThread "C2 CompilerThread1" daemon [_thread_in_native, id=4160, stack(0x00000000173d0000,0x00000000174d0000)]

Stack: [0x00000000173d0000,0x00000000174d0000]
[error occurred during error reporting (printing stack bounds), id 0xc0000005]

Native frames: (J=compiled Java code, j=interpreted, Vv=VM code, C=native code)


Current CompileTask:
C2:   3197 1239       4       com.android.dx.ssa.SCCP::simulatePhi (169 bytes)


---------------  P R O C E S S  ---------------

Java Threads: ( => current thread )
  0x000000001721e800 JavaThread "pool-2-thread-4" [_thread_in_Java, id=6156, stack(0x0000000017bd0000,0x0000000017cd0000)]
  0x000000001721e000 JavaThread "pool-2-thread-3" [_thread_in_Java, id=8120, stack(0x0000000017ad0000,0x0000000017bd0000)]
  0x000000001721c000 JavaThread "pool-2-thread-2" [_thread_in_Java, id=5600, stack(0x00000000179d0000,0x0000000017ad0000)]
  0x000000001710d800 JavaThread "pool-3-thread-1" [_thread_blocked, id=6544, stack(0x00000000178d0000,0x00000000179d0000)]
  0x000000001710b000 JavaThread "pool-2-thread-1" [_thread_blocked, id=5704, stack(0x00000000177d0000,0x00000000178d0000)]
  0x0000000016fd5800 JavaThread "Service Thread" daemon [_thread_blocked, id=10848, stack(0x00000000175d0000,0x00000000176d0000)]
  0x00000000158ed800 JavaThread "C1 CompilerThread2" daemon [_thread_blocked, id=5328, stack(0x00000000174d0000,0x00000000175d0000)]
=>0x00000000158ea800 JavaThread "C2 CompilerThread1" daemon [_thread_in_native, id=4160, stack(0x00000000173d0000,0x00000000174d0000)]
  0x0000000015899800 JavaThread "C2 CompilerThread0" daemon [_thread_in_native, id=5928, stack(0x0000000016ed0000,0x0000000016fd0000)]
  0x0000000015897800 JavaThread "Attach Listener" daemon [_thread_blocked, id=12760, stack(0x0000000016dd0000,0x0000000016ed0000)]
  0x0000000015896800 JavaThread "Signal Dispatcher" daemon [_thread_blocked, id=11916, stack(0x0000000016cd0000,0x0000000016dd0000)]
  0x00000000031b6800 JavaThread "Finalizer" daemon [_thread_blocked, id=12796, stack(0x0000000016ae0000,0x0000000016be0000)]
  0x00000000031ae000 JavaThread "Reference Handler" daemon [_thread_blocked, id=4304, stack(0x00000000169e0000,0x0000000016ae0000)]
  0x000000000178d800 JavaThread "main" [_thread_blocked, id=2528, stack(0x0000000002f00000,0x0000000003000000)]

Other Threads:
  0x0000000015857800 VMThread [stack: 0x00000000168e0000,0x00000000169e0000] [id=11940]
  0x0000000016feb800 WatcherThread [stack: 0x00000000176d0000,0x00000000177d0000] [id=12036]

VM state:not at safepoint (normal execution)

VM Mutex/Monitor currently owned by a thread: None

Heap:
 PSYoungGen      total 37888K, used 20164K [0x00000000eab00000, 0x00000000ef500000, 0x0000000100000000)
  eden space 32768K, 45% used [0x00000000eab00000,0x00000000eb9b67d8,0x00000000ecb00000)
  from space 5120K, 99% used [0x00000000ecb00000,0x00000000ecffaab8,0x00000000ed000000)
  to   space 5120K, 0% used [0x00000000ef000000,0x00000000ef000000,0x00000000ef500000)
 ParOldGen       total 86016K, used 1898K [0x00000000c0000000, 0x00000000c5400000, 0x00000000eab00000)
  object space 86016K, 2% used [0x00000000c0000000,0x00000000c01daa40,0x00000000c5400000)
 Metaspace       used 5891K, capacity 6960K, committed 7040K, reserved 1056768K
  class space    used 591K, capacity 616K, committed 640K, reserved 1048576K

Card table byte_map: [0x0000000012580000,0x0000000012790000] byte_map_base: 0x0000000011f80000

Marking Bits: (ParMarkBitMap*) 0x0000000072f8a5b0
 Begin Bits: [0x0000000012cf0000, 0x0000000013cf0000)
 End Bits:   [0x0000000013cf0000, 0x0000000014cf0000)

Polling page: 0x00000000016b0000

CodeCache: size=245760Kb used=4758Kb max_used=4758Kb free=241001Kb
 bounds [0x00000000031c0000, 0x0000000003670000, 0x00000000121c0000]
 total_blobs=1499 nmethods=1230 adapters=182
 compilation: enabled

Compilation events (10 events):
Event: 3.175 Thread 0x00000000158ed800 1248 %     3       com.android.dx.ssa.DomFront::calcDomFronts @ 10 (154 bytes)
Event: 3.177 Thread 0x00000000158ed800 nmethod 1248% 0x0000000003666d50 code [0x0000000003667000, 0x0000000003668048]
Event: 3.177 Thread 0x00000000158ed800 1243       2       com.android.dx.ssa.SsaMethod::getCountReachableBlocks (44 bytes)
Event: 3.178 Thread 0x00000000158ed800 nmethod 1243 0x0000000003650010 code [0x00000000036501a0, 0x00000000036504b8]
Event: 3.178 Thread 0x00000000158ed800 1246       1       com.android.dx.rop.code.ThrowingInsn::getCatches (5 bytes)
Event: 3.178 Thread 0x00000000158ed800 nmethod 1246 0x000000000364fd50 code [0x000000000364fea0, 0x000000000364ffb0]
Event: 3.178 Thread 0x00000000158ed800 1249       2       java.lang.Integer::valueOf (32 bytes)
Event: 3.178 Thread 0x00000000158ed800 nmethod 1249 0x0000000003654f90 code [0x0000000003655100, 0x00000000036552d0]
Event: 3.178 Thread 0x00000000158ed800 1250       2       com.android.dx.ssa.ConstCollector::getConstsSortedByCountUse (386 bytes)
Event: 3.182 Thread 0x00000000158ed800 nmethod 1250 0x0000000003668d10 code [0x0000000003669080, 0x000000000366a248]

GC Heap History (2 events):
Event: 2.528 GC heap before
{Heap before GC invocations=1 (full 0):
 PSYoungGen      total 37888K, used 32768K [0x00000000eab00000, 0x00000000ed500000, 0x0000000100000000)
  eden space 32768K, 100% used [0x00000000eab00000,0x00000000ecb00000,0x00000000ecb00000)
  from space 5120K, 0% used [0x00000000ed000000,0x00000000ed000000,0x00000000ed500000)
  to   space 5120K, 0% used [0x00000000ecb00000,0x00000000ecb00000,0x00000000ed000000)
 ParOldGen       total 86016K, used 0K [0x00000000c0000000, 0x00000000c5400000, 0x00000000eab00000)
  object space 86016K, 0% used [0x00000000c0000000,0x00000000c0000000,0x00000000c5400000)
 Metaspace       used 5798K, capacity 6832K, committed 7040K, reserved 1056768K
  class space    used 588K, capacity 616K, committed 640K, reserved 1048576K
Event: 2.935 GC heap after
Heap after GC invocations=1 (full 0):
 PSYoungGen      total 37888K, used 5098K [0x00000000eab00000, 0x00000000ef500000, 0x0000000100000000)
  eden space 32768K, 0% used [0x00000000eab00000,0x00000000eab00000,0x00000000ecb00000)
  from space 5120K, 99% used [0x00000000ecb00000,0x00000000ecffaab8,0x00000000ed000000)
  to   space 5120K, 0% used [0x00000000ef000000,0x00000000ef000000,0x00000000ef500000)
 ParOldGen       total 86016K, used 1898K [0x00000000c0000000, 0x00000000c5400000, 0x00000000eab00000)
  object space 86016K, 2% used [0x00000000c0000000,0x00000000c01daa40,0x00000000c5400000)
 Metaspace       used 5798K, capacity 6832K, committed 7040K, reserved 1056768K
  class space    used 588K, capacity 616K, committed 640K, reserved 1048576K
}

Deoptimization events (9 events):
Event: 1.565 Thread 0x000000001710b000 Uncommon trap: reason=class_check action=maybe_recompile pc=0x00000000034476b0 method=com.android.dx.ssa.NormalSsaInsn.accept(Lcom/android/dx/ssa/SsaInsn$Visitor;)V @ 9
Event: 1.565 Thread 0x000000001710b000 Uncommon trap: reason=class_check action=maybe_recompile pc=0x00000000034476b0 method=com.android.dx.ssa.NormalSsaInsn.accept(Lcom/android/dx/ssa/SsaInsn$Visitor;)V @ 9
Event: 1.565 Thread 0x000000001710b000 Uncommon trap: reason=class_check action=maybe_recompile pc=0x00000000034476b0 method=com.android.dx.ssa.NormalSsaInsn.accept(Lcom/android/dx/ssa/SsaInsn$Visitor;)V @ 9
Event: 1.567 Thread 0x000000001710b000 Uncommon trap: reason=class_check action=maybe_recompile pc=0x00000000034476b0 method=com.android.dx.ssa.NormalSsaInsn.accept(Lcom/android/dx/ssa/SsaInsn$Visitor;)V @ 9
Event: 2.092 Thread 0x000000000178d800 Uncommon trap: reason=unstable_if action=reinterpret pc=0x0000000003342ed0 method=java.lang.String.<init>([CII)V @ 18
Event: 2.166 Thread 0x000000001721e800 Uncommon trap: reason=null_check action=make_not_entrant pc=0x000000000350de78 method=com.android.dx.ssa.SsaRenamer.getLocalForNewReg(I)Lcom/android/dx/rop/code/LocalItem; @ 19
Event: 2.461 Thread 0x000000000178d800 Uncommon trap: reason=null_check action=make_not_entrant pc=0x0000000003519d50 method=com.android.dx.ssa.SsaRenamer.getLocalForNewReg(I)Lcom/android/dx/rop/code/LocalItem; @ 19
Event: 2.521 Thread 0x000000001710b000 Uncommon trap: reason=bimorphic action=maybe_recompile pc=0x000000000344e8cc method=java.util.HashMap.getNode(ILjava/lang/Object;)Ljava/util/HashMap$Node; @ 126
Event: 2.521 Thread 0x000000001710b000 Uncommon trap: reason=class_check action=maybe_recompile pc=0x00000000035b868c method=java.util.HashMap.putVal(ILjava/lang/Object;Ljava/lang/Object;ZZ)Ljava/lang/Object; @ 203

Internal exceptions (4 events):
Event: 0.048 Thread 0x000000000178d800 Exception <a 'java/lang/NoSuchMethodError': Method sun.misc.Unsafe.defineClass(Ljava/lang/String;[BII)Ljava/lang/Class; name or signature does not match> (0x00000000eab12ff8) thrown at [C:\re\workspace\8-2-build-windows-amd64-cygwin\jdk8u66\5298\hotspot\srùTi_Ù¨?
Event: 0.049 Thread 0x000000000178d800 Exception <a 'java/lang/NoSuchMethodError': Method sun.misc.Unsafe.prefetchRead(Ljava/lang/Object;J)V name or signature does not match> (0x00000000eab132e0) thrown at [C:\re\workspace\8-2-build-windows-amd64-cygwin\jdk8u66\5298\hotspot\src\share\vm\prims\j…íó3T@
Event: 2.166 Thread 0x000000001721e800 Implicit null exception at 0x000000000350bcce to 0x000000000350de2d
Event: 2.461 Thread 0x000000000178d800 Implicit null exception at 0x0000000003517c4a to 0x0000000003519d29

Events (10 events):
Event: 3.090 loading class java/util/TreeMap$EntrySet
Event: 3.090 loading class java/util/TreeMap$EntrySet done
Event: 3.090 loading class java/util/TreeMap$EntryIterator
Event: 3.090 loading class java/util/TreeMap$EntryIterator done
Event: 3.090 Executing VM operation: Deoptimize
Event: 3.157 Executing VM operation: Deoptimize done
Event: 3.166 Thread 0x000000001710b000 DEOPT PACKING pc=0x0000000003595d6b sp=0x00000000178cee70
Event: 3.166 Thread 0x000000001710b000 DEOPT UNPACKING pc=0x000000000320787f sp=0x00000000178cec00 mode 0
Event: 3.168 Thread 0x000000001710b000 DEOPT PACKING pc=0x0000000003581d18 sp=0x00000000178cedd0
Event: 3.168 Thread 0x000000001710b000 DEOPT UNPACKING pc=0x000000000320787f sp=0x00000000178cebf8 mode 0


Dynamic libraries:
0x00007ff7701d0000 - 0x00007ff770207000 	C:\Program Files\Java\jdk1.8.0_66\bin\java.exe
0x00007ffd55520000 - 0x00007ffd556f1000 	C:\WINDOWS\SYSTEM32\ntdll.dll
0x00007ffd552d0000 - 0x00007ffd5537b000 	C:\WINDOWS\System32\KERNEL32.DLL
0x00007ffd51db0000 - 0x00007ffd51fcd000 	C:\WINDOWS\System32\KERNELBASE.dll
0x00007ffd53210000 - 0x00007ffd532b2000 	C:\WINDOWS\System32\ADVAPI32.dll
0x00007ffd52f60000 - 0x00007ffd52ffe000 	C:\WINDOWS\System32\msvcrt.dll
0x00007ffd553f0000 - 0x00007ffd55449000 	C:\WINDOWS\System32\sechost.dll
0x00007ffd551a0000 - 0x00007ffd552c1000 	C:\WINDOWS\System32\RPCRT4.dll
0x00007ffd532c0000 - 0x00007ffd53425000 	C:\WINDOWS\System32\USER32.dll
0x00007ffd51be0000 - 0x00007ffd51bfe000 	C:\WINDOWS\System32\win32u.dll
0x00007ffd52ab0000 - 0x00007ffd52ae4000 	C:\WINDOWS\System32\GDI32.dll
0x00007ffd52850000 - 0x00007ffd529d2000 	C:\WINDOWS\System32\gdi32full.dll
0x00007ffd49490000 - 0x00007ffd49709000 	C:\WINDOWS\WinSxS\amd64_microsoft.windows.common-controls_6595b64144ccf1df_6.0.14393.0_none_2d0f50fcbdb171b8\COMCTL32.dll
0x00007ffd52c90000 - 0x00007ffd52f57000 	C:\WINDOWS\System32\combase.dll
0x00007ffd51fd0000 - 0x00007ffd520c5000 	C:\WINDOWS\System32\ucrtbase.dll
0x00007ffd52a40000 - 0x00007ffd52aaa000 	C:\WINDOWS\System32\bcryptPrimitives.dll
0x00007ffd53530000 - 0x00007ffd5355e000 	C:\WINDOWS\System32\IMM32.DLL
0x0000000073010000 - 0x00000000730e2000 	C:\Program Files\Java\jdk1.8.0_66\jre\bin\msvcr100.dll
0x0000000072780000 - 0x0000000073009000 	C:\Program Files\Java\jdk1.8.0_66\jre\bin\server\jvm.dll
0x00007ffd53760000 - 0x00007ffd53768000 	C:\WINDOWS\System32\PSAPI.DLL
0x00007ffd3a590000 - 0x00007ffd3a599000 	C:\WINDOWS\SYSTEM32\WSOCK32.dll
0x00007ffd53060000 - 0x00007ffd530ca000 	C:\WINDOWS\System32\WS2_32.dll
0x00007ffd4fae0000 - 0x00007ffd4fb03000 	C:\WINDOWS\SYSTEM32\WINMM.dll
0x00007ffd4a190000 - 0x00007ffd4a19a000 	C:\WINDOWS\SYSTEM32\VERSION.dll
0x00007ffd4fa80000 - 0x00007ffd4faab000 	C:\WINDOWS\SYSTEM32\WINMMBASE.dll
0x00007ffd51c00000 - 0x00007ffd51c42000 	C:\WINDOWS\System32\cfgmgr32.dll
0x0000000074330000 - 0x000000007433f000 	C:\Program Files\Java\jdk1.8.0_66\jre\bin\verify.dll
0x0000000072750000 - 0x0000000072779000 	C:\Program Files\Java\jdk1.8.0_66\jre\bin\java.dll
0x0000000074250000 - 0x0000000074266000 	C:\Program Files\Java\jdk1.8.0_66\jre\bin\zip.dll
0x00007ffd53860000 - 0x00007ffd54d68000 	C:\WINDOWS\System32\SHELL32.dll
0x00007ffd520d0000 - 0x00007ffd527aa000 	C:\WINDOWS\System32\windows.storage.dll
0x00007ffd519a0000 - 0x00007ffd519ec000 	C:\WINDOWS\System32\powrprof.dll
0x00007ffd53000000 - 0x00007ffd53052000 	C:\WINDOWS\System32\shlwapi.dll
0x00007ffd51a00000 - 0x00007ffd51a0f000 	C:\WINDOWS\System32\kernel.appcore.dll
0x00007ffd51d00000 - 0x00007ffd51da9000 	C:\WINDOWS\System32\shcore.dll
0x00007ffd51980000 - 0x00007ffd51994000 	C:\WINDOWS\System32\profapi.dll

VM Arguments:
jvm_args: -Djava.awt.headless=true -Xmx1024M -Dfile.encoding=windows-1251 -Duser.country=RU -Duser.language=ru -Duser.variant 
java_command: com.android.dx.command.Main --dex --force-jumbo --num-threads=4 --multi-dex --output E:\Education\MAPD\MAPD111\SerhiiAsign1\Serhii\build\intermediates\transforms\dex\debug\folders\1000\10\instant-run_4c1c6cd54ee025f60a3228a140c8089a374eeb09 E:\Education\MAPD\MAPD111\SerhiiAsign1\Serhii\build\intermediates\incremental-runtime-classes\debug\instant-run.jar
java_class_path (initial): C:\Users\rider\AppData\Local\Android\sdk\build-tools\23.0.1\lib\dx.jar
Launcher Type: SUN_STANDARD

Environment Variables:
CLASSPATH=C:\mpj\lib\mpj.jar;
PATH=C:\Program Files (x86)\EasyPHP-DevServer-14.1VC11\binaries\php\php_runningversion;C:\ProgramData\Oracle\Java\javapath;C:\Program Files\AuthenTec TrueSuite\;C:\Program Files\Broadcom\Broadcom 802.11 Network Adapter\Driver;C:\Windows\system32;C:\Windows;C:\Windows\System32\Wbem;C:\Windows\System32\WindowsPowerShell\v1.0\;C:\Users\rider\.dnx\bin;C:\Program Files\Microsoft DNX\Dnvm\;C:\Program Files (x86)\Windows Kits\8.1\Windows Performance Toolkit\;C:\Program Files\Common Files\Autodesk Shared\;C:\Program Files (x86)\Skype\Phone\;C:\mpj\bin;C:\Program Files\Java\jdk1.8.0_66\bin;C:\Program Files\nodejs\;D:\Program Files (x86)\Git\cmd;C:\Program Files (x86)\NVIDIA Corporation\PhysX\Common;C:\WINDOWS\system32;C:\WINDOWS;C:\WINDOWS\System32\Wbem;C:\WINDOWS\System32\WindowsPowerShell\v1.0\;D:\Program Files (x86)\tortoise\bin;C:\Users\rider\AppData\Local\Programs\Python\Python35-32\Scripts\;C:\Users\rider\AppData\Local\Programs\Python\Python35-32\;C:\Program Files (x86)\Google\Chrome\Application;C:\ProgramData\Oracle\Java\javapath;C:\Program Files\AuthenTec TrueSuite\;C:\Program Files\Broadcom\Broadcom 802.11 Network Adapter\Driver;C:\Windows\system32;C:\Windows;C:\Windows\System32\Wbem;C:\Windows\System32\WindowsPowerShell\v1.0\;C:\Program Files (x86)\NVIDIA Corporation\PhysX\Common;C:\Users\rider\.dnx\bin;C:\Program Files\Microsoft DNX\Dnvm\;C:\Program Files (x86)\Windows Kits\8.1\Windows Performance Toolkit\; C:\mpj\bin; C:\Program Files\Java\jdk1.8.0_66\bin;C:\Users\rider\AppData\Roaming\npm;D:\Program Files (x86)\Microsoft VS Code\bin;C:\Users\rider\AppData\Local\Microsoft\WindowsApps;
USERNAME=rider
OS=Windows_NT
PROCESSOR_IDENTIFIER=Intel64 Family 6 Model 58 Stepping 9, GenuineIntel



---------------  S Y S T E M  ---------------

OS: Windows 10.0 , 64 bit Build 14393 (10.0.14393.0)

CPU:total 4 (2 cores per cpu, 2 threads per core) family 6 model 58 stepping 9, cmov, cx8, fxsr, mmx, sse, sse2, sse3, ssse3, sse4.1, sse4.2, popcnt, avx, clmul, erms, ht, tsc, tscinvbit, tscinv

Memory: 4k page, physical 8222948k(1106072k free), swap 11446620k(5592k free)

vm_info: Java HotSpot(TM) 64-Bit Server VM (25.66-b18) for windows-amd64 JRE (1.8.0_66-b18), built on Nov  9 2015 10:51:13 by "java_re" with MS VC++ 10.0 (VS2010)

time: Thu Oct 13 20:48:27 2016
elapsed time: 3 seconds (0d 0h 0m 3s)

